Hello from processor node-9[6] 8 of 10  
Hello from processor node-1[6] 0 of 10  
Hello from processor node-3[6] 2 of 10  
Hello from processor node-8[6] 7 of 10  
Hello from processor node-10[7] 9 of 10  
Hello from processor node-6[6] 5 of 10  
Hello from processor node-2[6] 1 of 10  
Hello from processor node-4[6] 3 of 10  
Hello from processor node-5[6] 4 of 10  
Hello from processor node-7[6] 6 of 10  
[9]   100  101  102  103  104  105  106  107  108  109
[8] Time = 0.010615  Data=      800 KByte
[8]  Bandwith[0] = 73.596217 MByte/sek
[8]    10   11   12   13   14   15   16   17   18   19
[6] Time = 0.014433  Data=      800 KByte
[6]  Bandwith[0] = 54.129804 MByte/sek
[6]    10   11   12   13   14   15   16   17   18   19
[7]   100  101  102  103  104  105  106  107  108  109
[4] Time = 0.010137  Data=      800 KByte
[4]  Bandwith[0] = 77.065427 MByte/sek
[4]    10   11   12   13   14   15   16   17   18   19
[5]   100  101  102  103  104  105  106  107  108  109
[9]   100  101  102  103  104  105  106  107  108  109
[8] Time = 0.009646  Data=     1600 KByte
[8]  Bandwith[1] = 161.988107 MByte/sek
[8]    10   11   12   13   14   15   16   17   18   19
[2] Time = 0.021666  Data=      800 KByte
[2]  Bandwith[0] = 36.058981 MByte/sek
[2]    10   11   12   13   14   15   16   17   18   19
[3]   100  101  102  103  104  105  106  107  108  109
[0] Time = 0.015857  Data=      800 KByte
[0]  Bandwith[0] = 49.269617 MByte/sek
[0]    10   11   12   13   14   15   16   17   18   19
[1]   100  101  102  103  104  105  106  107  108  109
[4] Time = 0.005687  Data=     1600 KByte
[4]  Bandwith[1] = 274.768384 MByte/sek
[4]    10   11   12   13   14   15   16   17   18   19
[5]   100  101  102  103  104  105  106  107  108  109
[6] Time = 0.013005  Data=     1600 KByte
[6]  Bandwith[1] = 120.144066 MByte/sek
[6]    10   11   12   13   14   15   16   17   18   19
[7]   100  101  102  103  104  105  106  107  108  109
[4] Time = 0.006310  Data=     3200 KByte
[4]  Bandwith[2] = 495.277836 MByte/sek
[4]    10   11   12   13   14   15   16   17   18   19
[5]   100  101  102  103  104  105  106  107  108  109
[8] Time = 0.012282  Data=     3200 KByte
[8]  Bandwith[2] = 254.429933 MByte/sek
[8]    10   11   12   13   14   15   16   17   18   19
[9]   100  101  102  103  104  105  106  107  108  109
[2] Time = 0.014197  Data=     1600 KByte
[2]  Bandwith[1] = 110.056937 MByte/sek
[2]    10   11   12   13   14   15   16   17   18   19
[3]   100  101  102  103  104  105  106  107  108  109
[0] Time = 0.014306  Data=     1600 KByte
[0]  Bandwith[1] = 109.222336 MByte/sek
[0]    10   11   12   13   14   15   16   17   18   19
[1]   100  101  102  103  104  105  106  107  108  109
[5]   100  101  102  103  104  105  106  107  108  109
[4] Time = 0.007802  Data=     6400 KByte
[4]  Bandwith[3] = 801.053814 MByte/sek
[4]    10   11   12   13   14   15   16   17   18   19
[6] Time = 0.013759  Data=     3200 KByte
[6]  Bandwith[2] = 227.131671 MByte/sek
[6]    10   11   12   13   14   15   16   17   18   19
[7]   100  101  102  103  104  105  106  107  108  109
[9]   100  101  102  103  104  105  106  107  108  109
[8] Time = 0.015922  Data=     6400 KByte
[8]  Bandwith[3] = 392.529162 MByte/sek
[8]    10   11   12   13   14   15   16   17   18   19
[2] Time = 0.017261  Data=     3200 KByte
[2]  Bandwith[2] = 181.047348 MByte/sek
[2]    10   11   12   13   14   15   16   17   18   19
[3]   100  101  102  103  104  105  106  107  108  109
[0] Time = 0.016634  Data=     3200 KByte
[0]  Bandwith[2] = 187.869321 MByte/sek
[0]    10   11   12   13   14   15   16   17   18   19
[1]   100  101  102  103  104  105  106  107  108  109
[6] Time = 0.019435  Data=     6400 KByte
[6]  Bandwith[3] = 321.578981 MByte/sek
[6]    10   11   12   13   14   15   16   17   18   19
[7]   100  101  102  103  104  105  106  107  108  109
[2] Time = 0.021500  Data=     6400 KByte
[2]  Bandwith[3] = 290.703123 MByte/sek
[2]    10   11   12   13   14   15   16   17   18   19
[3]   100  101  102  103  104  105  106  107  108  109
[0] Time = 0.021234  Data=     6400 KByte
[0]  Bandwith[3] = 294.337581 MByte/sek
[0]    10   11   12   13   14   15   16   17   18   19
[1]   100  101  102  103  104  105  106  107  108  109
slurmstepd: error: *** JOB 6707 ON node-1 CANCELLED AT 2023-10-13T17:05:54 DUE TO TIME LIMIT ***
