Process <node-1[6]> started: rank 0 of 10  
[ 0] Leader buffer, part[ 0]:         0        1        2 ...
[ 0] Leader buffer, part[ 1]:      1024     1025     1026 ...
[ 0] Leader buffer, part[ 2]:      2048     2049     2050 ...
[ 0] Leader buffer, part[ 3]:      3072     3073     3074 ...
[ 0] Leader buffer, part[ 4]:      4096     4097     4098 ...
[ 0] Leader buffer, part[ 5]:      5120     5121     5122 ...
[ 0] Leader buffer, part[ 6]:      6144     6145     6146 ...
[ 0] Leader buffer, part[ 7]:      7168     7169     7170 ...
[ 0] Leader buffer, part[ 8]:      8192     8193     8194 ...
[ 0] Leader buffer, part[ 9]:      9216     9217     9218 ...
Process <node-8[6]> started: rank 7 of 10  
Process <node-9[6]> started: rank 8 of 10  
Process <node-10[7]> started: rank 9 of 10  
Process <node-5[6]> started: rank 4 of 10  
Process <node-3[6]> started: rank 2 of 10  
Process <node-2[6]> started: rank 1 of 10  
Process <node-4[6]> started: rank 3 of 10  
Process <node-7[6]> started: rank 6 of 10  
Process <node-6[6]> started: rank 5 of 10  
[ 1] Received part =     1024     1025     1026 ...
[ 2] Received part =     2048     2049     2050 ...
[ 3] Received part =     3072     3073     3074 ...
[ 4] Received part =     4096     4097     4098 ...
[ 5] Received part =     5120     5121     5122 ...
[ 6] Received part =     6144     6145     6146 ...
[ 7] Received part =     7168     7169     7170 ...
[ 8] Received part =     8192     8193     8194 ...
[ 0] Received part =        0        1        2 ...
[ 9] Received part =     9216     9217     9218 ...
[ 0] Reduced = 218      228      238 ...
[ 0] Leader sum (mod 997) result =      423
