Hello from processor node-1[6] 0 of 10  
Hello from processor node-9[6] 8 of 10  
Hello from processor node-7[6] 6 of 10  
Hello from processor node-2[6] 1 of 10  
Hello from processor node-5[6] 4 of 10  
Hello from processor node-10[7] 9 of 10  
Hello from processor node-3[6] 2 of 10  
Hello from processor node-4[6] 3 of 10  
Hello from processor node-6[6] 5 of 10  
Hello from processor node-8[6] 7 of 10  
[0] Time = 0.012486  Data=      800 KByte
[0]  Bandwith[0] = 62.569880 MByte/sek  cl=0
	[0]  Sent:   10   11   12   13   14   15   16   17   18   19 
	[0] Received:   10   11   12   13   14   15   16   17   18   19 
	[1]  Sent:   10   11   12   13   14   15   16   17   18   19 
	[1] Received:   10   11   12   13   14   15   16   17   18   19 
[8] Time = 0.014144  Data=      800 KByte
[8]  Bandwith[0] = 55.233557 MByte/sek  cl=0
	[8]  Sent:   10   11   12   13   14   15   16   17   18   19 
	[8] Received:   10   11   12   13   14   15   16   17   18   19 
	[9]  Sent:   10   11   12   13   14   15   16   17   18   19 
	[9] Received:   10   11   12   13   14   15   16   17   18   19 
[2] Time = 0.015067  Data=      800 KByte
[2]  Bandwith[0] = 51.853292 MByte/sek  cl=0
	[2]  Sent:   10   11   12   13   14   15   16   17   18   19 
	[2] Received:   10   11   12   13   14   15   16   17   18   19 
	[3]  Sent:   10   11   12   13   14   15   16   17   18   19 
	[3] Received:   10   11   12   13   14   15   16   17   18   19 
[4] Time = 0.014063  Data=      800 KByte
[4]  Bandwith[0] = 55.552266 MByte/sek  cl=0
	[4]  Sent:   10   11   12   13   14   15   16   17   18   19 
	[4] Received:   10   11   12   13   14   15   16   17   18   19 
	[5]  Sent:   10   11   12   13   14   15   16   17   18   19 
	[5] Received:   10   11   12   13   14   15   16   17   18   19 
[0] Time = 0.011806  Data=     1600 KByte
[0]  Bandwith[1] = 132.353252 MByte/sek  cl=1
	[0]  Sent:   10   11   12   13   14   15   16   17   18   19 
	[0] Received:   10   11   12   13   14   15   16   17   18   19 
	[1]  Sent:   10   11   12   13   14   15   16   17   18   19 
	[1] Received:   10   11   12   13   14   15   16   17   18   19 
	[5]  Sent:   10   11   12   13   14   15   16   17   18   19 
	[5] Received:   10   11   12   13   14   15   16   17   18   19 
[4] Time = 0.006191  Data=     1600 KByte
[4]  Bandwith[1] = 252.377674 MByte/sek  cl=1
	[4]  Sent:   10   11   12   13   14   15   16   17   18   19 
	[4] Received:   10   11   12   13   14   15   16   17   18   19 
	[9]  Sent:   10   11   12   13   14   15   16   17   18   19 
	[9] Received:   10   11   12   13   14   15   16   17   18   19 
[8] Time = 0.012465  Data=     1600 KByte
[8]  Bandwith[1] = 125.349956 MByte/sek  cl=1
	[8]  Sent:   10   11   12   13   14   15   16   17   18   19 
	[8] Received:   10   11   12   13   14   15   16   17   18   19 
[2] Time = 0.013810  Data=     1600 KByte
[2]  Bandwith[1] = 113.140324 MByte/sek  cl=1
	[2]  Sent:   10   11   12   13   14   15   16   17   18   19 
	[2] Received:   10   11   12   13   14   15   16   17   18   19 
	[3]  Sent:   10   11   12   13   14   15   16   17   18   19 
	[3] Received:   10   11   12   13   14   15   16   17   18   19 
[6] Time = 0.030387  Data=      800 KByte
[6]  Bandwith[0] = 25.710362 MByte/sek  cl=0
	[6]  Sent:   10   11   12   13   14   15   16   17   18   19 
	[6] Received:   10   11   12   13   14   15   16   17   18   19 
	[7]  Sent:   10   11   12   13   14   15   16   17   18   19 
	[7] Received:   10   11   12   13   14   15   16   17   18   19 
	[5]  Sent:   10   11   12   13   14   15   16   17   18   19 
	[5] Received:   10   11   12   13   14   15   16   17   18   19 
[4] Time = 0.006069  Data=     3200 KByte
[4]  Bandwith[2] = 514.928728 MByte/sek  cl=2
	[4]  Sent:   10   11   12   13   14   15   16   17   18   19 
	[4] Received:   10   11   12   13   14   15   16   17   18   19 
[0] Time = 0.014712  Data=     3200 KByte
[0]  Bandwith[2] = 212.407767 MByte/sek  cl=2
	[0]  Sent:   10   11   12   13   14   15   16   17   18   19 
	[0] Received:   10   11   12   13   14   15   16   17   18   19 
	[1]  Sent:   10   11   12   13   14   15   16   17   18   19 
	[1] Received:   10   11   12   13   14   15   16   17   18   19 
	[5]  Sent:   10   11   12   13   14   15   16   17   18   19 
	[5] Received:   10   11   12   13   14   15   16   17   18   19 
[4] Time = 0.007670  Data=     6400 KByte
[4]  Bandwith[3] = 814.845718 MByte/sek  cl=3
	[4]  Sent:   10   11   12   13   14   15   16   17   18   19 
	[4] Received:   10   11   12   13   14   15   16   17   18   19 
	[9]  Sent:   10   11   12   13   14   15   16   17   18   19 
	[9] Received:   10   11   12   13   14   15   16   17   18   19 
[8] Time = 0.016495  Data=     3200 KByte
[8]  Bandwith[2] = 189.452728 MByte/sek  cl=2
	[8]  Sent:   10   11   12   13   14   15   16   17   18   19 
	[8] Received:   10   11   12   13   14   15   16   17   18   19 
[6] Time = 0.013464  Data=     1600 KByte
[6]  Bandwith[1] = 116.052331 MByte/sek  cl=1
	[6]  Sent:   10   11   12   13   14   15   16   17   18   19 
	[6] Received:   10   11   12   13   14   15   16   17   18   19 
	[7]  Sent:   10   11   12   13   14   15   16   17   18   19 
	[7] Received:   10   11   12   13   14   15   16   17   18   19 
	[3]  Sent:   10   11   12   13   14   15   16   17   18   19 
	[3] Received:   10   11   12   13   14   15   16   17   18   19 
[2] Time = 0.019204  Data=     3200 KByte
[2]  Bandwith[2] = 162.726618 MByte/sek  cl=2
	[2]  Sent:   10   11   12   13   14   15   16   17   18   19 
	[2] Received:   10   11   12   13   14   15   16   17   18   19 
	[5]  Sent:   10   11   12   13   14   15   16   17   18   19 
	[5] Received:   10   11   12   13   14   15   16   17   18   19 
[4] Time = 0.014035  Data=    12800 KByte
[4]  Bandwith[4] = 890.655005 MByte/sek  cl=4
	[4]  Sent:   10   11   12   13   14   15   16   17   18   19 
	[4] Received:   10   11   12   13   14   15   16   17   18   19 
[0] Time = 0.019647  Data=     6400 KByte
[0]  Bandwith[3] = 318.108016 MByte/sek  cl=3
	[0]  Sent:   10   11   12   13   14   15   16   17   18   19 
	[0] Received:   10   11   12   13   14   15   16   17   18   19 
	[1]  Sent:   10   11   12   13   14   15   16   17   18   19 
	[1] Received:   10   11   12   13   14   15   16   17   18   19 
[6] Time = 0.018461  Data=     3200 KByte
[6]  Bandwith[2] = 169.275632 MByte/sek  cl=2
	[6]  Sent:   10   11   12   13   14   15   16   17   18   19 
	[6] Received:   10   11   12   13   14   15   16   17   18   19 
	[7]  Sent:   10   11   12   13   14   15   16   17   18   19 
	[7] Received:   10   11   12   13   14   15   16   17   18   19 
[8] Time = 0.024158  Data=     6400 KByte
[8]  Bandwith[3] = 258.716262 MByte/sek  cl=3
	[8]  Sent:   10   11   12   13   14   15   16   17   18   19 
	[8] Received:   10   11   12   13   14   15   16   17   18   19 
	[9]  Sent:   10   11   12   13   14   15   16   17   18   19 
	[9] Received:   10   11   12   13   14   15   16   17   18   19 
[2] Time = 0.022875  Data=     6400 KByte
[2]  Bandwith[3] = 273.223657 MByte/sek  cl=3
	[2]  Sent:   10   11   12   13   14   15   16   17   18   19 
	[2] Received:   10   11   12   13   14   15   16   17   18   19 
	[3]  Sent:   10   11   12   13   14   15   16   17   18   19 
	[3] Received:   10   11   12   13   14   15   16   17   18   19 
	[5]  Sent:   10   11   12   13   14   15   16   17   18   19 
	[5] Received:   10   11   12   13   14   15   16   17   18   19 
[4] Time = 0.017337  Data=    25600 KByte
[4]  Bandwith[5] = 1442.031857 MByte/sek  cl=5
	[4]  Sent:   10   11   12   13   14   15   16   17   18   19 
	[4] Received:   10   11   12   13   14   15   16   17   18   19 
[6] Time = 0.023589  Data=     6400 KByte
[6]  Bandwith[3] = 264.957983 MByte/sek  cl=3
	[6]  Sent:   10   11   12   13   14   15   16   17   18   19 
	[6] Received:   10   11   12   13   14   15   16   17   18   19 
	[7]  Sent:   10   11   12   13   14   15   16   17   18   19 
	[7] Received:   10   11   12   13   14   15   16   17   18   19 
[0] Time = 0.038509  Data=    12800 KByte
[0]  Bandwith[4] = 324.597960 MByte/sek  cl=4
	[0]  Sent:   10   11   12   13   14   15   16   17   18   19 
	[0] Received:   10   11   12   13   14   15   16   17   18   19 
	[1]  Sent:   10   11   12   13   14   15   16   17   18   19 
	[1] Received:   10   11   12   13   14   15   16   17   18   19 
[4] Time = 0.027507  Data=    51200 KByte
[4]  Bandwith[6] = 1817.717517 MByte/sek  cl=6
	[4]  Sent:   10   11   12   13   14   15   16   17   18   19 
	[4] Received:   10   11   12   13   14   15   16   17   18   19 
	[5]  Sent:   10   11   12   13   14   15   16   17   18   19 
	[5] Received:   10   11   12   13   14   15   16   17   18   19 
	[9]  Sent:   10   11   12   13   14   15   16   17   18   19 
	[9] Received:   10   11   12   13   14   15   16   17   18   19 
[8] Time = 0.040605  Data=    12800 KByte
[8]  Bandwith[4] = 307.843588 MByte/sek  cl=4
	[8]  Sent:   10   11   12   13   14   15   16   17   18   19 
	[8] Received:   10   11   12   13   14   15   16   17   18   19 
	[3]  Sent:   10   11   12   13   14   15   16   17   18   19 
	[3] Received:   10   11   12   13   14   15   16   17   18   19 
[2] Time = 0.052413  Data=    12800 KByte
[2]  Bandwith[4] = 238.492725 MByte/sek  cl=4
	[2]  Sent:   10   11   12   13   14   15   16   17   18   19 
	[2] Received:   10   11   12   13   14   15   16   17   18   19 
[6] Time = 0.051485  Data=    12800 KByte
[6]  Bandwith[4] = 242.790501 MByte/sek  cl=4
	[6]  Sent:   10   11   12   13   14   15   16   17   18   19 
	[6] Received:   10   11   12   13   14   15   16   17   18   19 
	[7]  Sent:   10   11   12   13   14   15   16   17   18   19 
	[7] Received:   10   11   12   13   14   15   16   17   18   19 
[0] Time = 0.062454  Data=    25600 KByte
[0]  Bandwith[5] = 400.295732 MByte/sek  cl=5
	[0]  Sent:   10   11   12   13   14   15   16   17   18   19 
	[0] Received:   10   11   12   13   14   15   16   17   18   19 
	[1]  Sent:   10   11   12   13   14   15   16   17   18   19 
	[1] Received:   10   11   12   13   14   15   16   17   18   19 
	[9]  Sent:   10   11   12   13   14   15   16   17   18   19 
	[9] Received:   10   11   12   13   14   15   16   17   18   19 
[8] Time = 0.064846  Data=    25600 KByte
[8]  Bandwith[5] = 385.527641 MByte/sek  cl=5
	[8]  Sent:   10   11   12   13   14   15   16   17   18   19 
	[8] Received:   10   11   12   13   14   15   16   17   18   19 
[2] Time = 0.070825  Data=    25600 KByte
[2]  Bandwith[5] = 352.984733 MByte/sek  cl=5
	[2]  Sent:   10   11   12   13   14   15   16   17   18   19 
	[2] Received:   10   11   12   13   14   15   16   17   18   19 
	[3]  Sent:   10   11   12   13   14   15   16   17   18   19 
	[3] Received:   10   11   12   13   14   15   16   17   18   19 
[6] Time = 0.069794  Data=    25600 KByte
[6]  Bandwith[5] = 358.194768 MByte/sek  cl=5
	[6]  Sent:   10   11   12   13   14   15   16   17   18   19 
	[6] Received:   10   11   12   13   14   15   16   17   18   19 
	[7]  Sent:   10   11   12   13   14   15   16   17   18   19 
	[7] Received:   10   11   12   13   14   15   16   17   18   19 
	[9]  Sent:   10   11   12   13   14   15   16   17   18   19 
	[9] Received:   10   11   12   13   14   15   16   17   18   19 
[8] Time = 0.093162  Data=    51200 KByte
[8]  Bandwith[6] = 536.698114 MByte/sek  cl=6
	[8]  Sent:   10   11   12   13   14   15   16   17   18   19 
	[8] Received:   10   11   12   13   14   15   16   17   18   19 
[0] Time = 0.109315  Data=    51200 KByte
[0]  Bandwith[6] = 457.392239 MByte/sek  cl=6
	[0]  Sent:   10   11   12   13   14   15   16   17   18   19 
	[0] Received:   10   11   12   13   14   15   16   17   18   19 
	[1]  Sent:   10   11   12   13   14   15   16   17   18   19 
	[1] Received:   10   11   12   13   14   15   16   17   18   19 
[2] Time = 0.154656  Data=    51200 KByte
[2]  Bandwith[6] = 323.297132 MByte/sek  cl=6
	[2]  Sent:   10   11   12   13   14   15   16   17   18   19 
	[2] Received:   10   11   12   13   14   15   16   17   18   19 
	[3]  Sent:   10   11   12   13   14   15   16   17   18   19 
	[3] Received:   10   11   12   13   14   15   16   17   18   19 
	[9]  Sent:   10   11   12   13   14   15   16   17   18   19 
	[9] Received:   10   11   12   13   14   15   16   17   18   19 
[8] Time = 0.129185  Data=   102400 KByte
[8]  Bandwith[7] = 774.083210 MByte/sek  cl=7
	[8]  Sent:   10   11   12   13   14   15   16   17   18   19 
	[8] Received:   10   11   12   13   14   15   16   17   18   19 
[6] Time = 0.261428  Data=    51200 KByte
[6]  Bandwith[6] = 191.257273 MByte/sek  cl=6
	[6]  Sent:   10   11   12   13   14   15   16   17   18   19 
	[6] Received:   10   11   12   13   14   15   16   17   18   19 
	[7]  Sent:   10   11   12   13   14   15   16   17   18   19 
	[7] Received:   10   11   12   13   14   15   16   17   18   19 
	[9]  Sent:   10   11   12   13   14   15   16   17   18   19 
	[9] Received:   10   11   12   13   14   15   16   17   18   19 
[8] Time = 0.237633  Data=   204800 KByte
[8]  Bandwith[8] = 841.634414 MByte/sek  cl=8
	[8]  Sent:   10   11   12   13   14   15   16   17   18   19 
	[8] Received:   10   11   12   13   14   15   16   17   18   19 
[4] Time = 0.593527  Data=   102400 KByte
[4]  Bandwith[7] = 168.484237 MByte/sek  cl=7
	[4]  Sent:   10   11   12   13   14   15   16   17   18   19 
	[4] Received:   10   11   12   13   14   15   16   17   18   19 
	[5]  Sent:   10   11   12   13   14   15   16   17   18   19 
	[5] Received:   10   11   12   13   14   15   16   17   18   19 
[6] Time = 0.354081  Data=   102400 KByte
[6]  Bandwith[7] = 282.421384 MByte/sek  cl=7
	[6]  Sent:   10   11   12   13   14   15   16   17   18   19 
	[6] Received:   10   11   12   13   14   15   16   17   18   19 
	[7]  Sent:   10   11   12   13   14   15   16   17   18   19 
	[7] Received:   10   11   12   13   14   15   16   17   18   19 
[2] Time = 0.632951  Data=   102400 KByte
[2]  Bandwith[7] = 157.990145 MByte/sek  cl=7
	[2]  Sent:   10   11   12   13   14   15   16   17   18   19 
	[2] Received:   10   11   12   13   14   15   16   17   18   19 
	[3]  Sent:   10   11   12   13   14   15   16   17   18   19 
	[3] Received:   10   11   12   13   14   15   16   17   18   19 
[0] Time = 0.825195  Data=   102400 KByte
[0]  Bandwith[7] = 121.183481 MByte/sek  cl=7
	[0]  Sent:   10   11   12   13   14   15   16   17   18   19 
	[0] Received:   10   11   12   13   14   15   16   17   18   19 
	[1]  Sent:   10   11   12   13   14   15   16   17   18   19 
	[1] Received:   10   11   12   13   14   15   16   17   18   19 
	[5]  Sent:   10   11   12   13   14   15   16   17   18   19 
	[5] Received:   10   11   12   13   14   15   16   17   18   19 
[4] Time = 1.070705  Data=   204800 KByte
[4]  Bandwith[8] = 186.792730 MByte/sek  cl=8
	[4]  Sent:   10   11   12   13   14   15   16   17   18   19 
	[4] Received:   10   11   12   13   14   15   16   17   18   19 
	[7]  Sent:   10   11   12   13   14   15   16   17   18   19 
	[7] Received:   10   11   12   13   14   15   16   17   18   19 
[6] Time = 1.187789  Data=   204800 KByte
[6]  Bandwith[8] = 168.380006 MByte/sek  cl=8
	[6]  Sent:   10   11   12   13   14   15   16   17   18   19 
	[6] Received:   10   11   12   13   14   15   16   17   18   19 
	[1]  Sent:   10   11   12   13   14   15   16   17   18   19 
	[1] Received:   10   11   12   13   14   15   16   17   18   19 
[0] Time = 0.980411  Data=   204800 KByte
[0]  Bandwith[8] = 203.996173 MByte/sek  cl=8
	[0]  Sent:   10   11   12   13   14   15   16   17   18   19 
	[0] Received:   10   11   12   13   14   15   16   17   18   19 
	[9]  Sent:   10   11   12   13   14   15   16   17   18   19 
	[9] Received:   10   11   12   13   14   15   16   17   18   19 
[8] Time = 1.451504  Data=   409600 KByte
[8]  Bandwith[9] = 275.576293 MByte/sek  cl=9
	[8]  Sent:   10   11   12   13   14   15   16   17   18   19 
	[8] Received:   10   11   12   13   14   15   16   17   18   19 
[2] Time = 1.366335  Data=   204800 KByte
[2]  Bandwith[8] = 146.376971 MByte/sek  cl=8
	[2]  Sent:   10   11   12   13   14   15   16   17   18   19 
	[2] Received:   10   11   12   13   14   15   16   17   18   19 
	[3]  Sent:   10   11   12   13   14   15   16   17   18   19 
	[3] Received:   10   11   12   13   14   15   16   17   18   19 
	[7]  Sent:   10   11   12   13   14   15   16   17   18   19 
	[7] Received:   10   11   12   13   14   15   16   17   18   19 
[6] Time = 1.387776  Data=   409600 KByte
[6]  Bandwith[9] = 288.230998 MByte/sek  cl=9
	[6]  Sent:   10   11   12   13   14   15   16   17   18   19 
	[6] Received:   10   11   12   13   14   15   16   17   18   19 
	[1]  Sent:   10   11   12   13   14   15   16   17   18   19 
	[1] Received:   10   11   12   13   14   15   16   17   18   19 
[0] Time = 1.644474  Data=   409600 KByte
[0]  Bandwith[9] = 243.238850 MByte/sek  cl=9
	[0]  Sent:   10   11   12   13   14   15   16   17   18   19 
	[0] Received:   10   11   12   13   14   15   16   17   18   19 
	[5]  Sent:   10   11   12   13   14   15   16   17   18   19 
	[5] Received:   10   11   12   13   14   15   16   17   18   19 
[4] Time = 2.017878  Data=   409600 KByte
[4]  Bandwith[9] = 198.228024 MByte/sek  cl=9
	[4]  Sent:   10   11   12   13   14   15   16   17   18   19 
	[4] Received:   10   11   12   13   14   15   16   17   18   19 
[8] Time = 1.965162  Data=   819200 KByte
[8]  Bandwith[10] = 407.091135 MByte/sek  cl=10
	[8]  Sent:   10   11   12   13   14   15   16   17   18   19 
	[8] Received:   10   11   12   13   14   15   16   17   18   19 
	[9]  Sent:   10   11   12   13   14   15   16   17   18   19 
	[9] Received:   10   11   12   13   14   15   16   17   18   19 
[2] Time = 2.007258  Data=   409600 KByte
[2]  Bandwith[9] = 199.276807 MByte/sek  cl=9
	[2]  Sent:   10   11   12   13   14   15   16   17   18   19 
	[2] Received:   10   11   12   13   14   15   16   17   18   19 
	[3]  Sent:   10   11   12   13   14   15   16   17   18   19 
	[3] Received:   10   11   12   13   14   15   16   17   18   19 
	[1]  Sent:   10   11   12   13   14   15   16   17   18   19 
	[1] Received:   10   11   12   13   14   15   16   17   18   19 
[0] Time = 2.600966  Data=   819200 KByte
[0]  Bandwith[10] = 307.578024 MByte/sek  cl=10
	[0]  Sent:   10   11   12   13   14   15   16   17   18   19 
	[0] Received:   10   11   12   13   14   15   16   17   18   19 
	[7]  Sent:   10   11   12   13   14   15   16   17   18   19 
	[7] Received:   10   11   12   13   14   15   16   17   18   19 
[6] Time = 3.326458  Data=   819200 KByte
[6]  Bandwith[10] = 240.496065 MByte/sek  cl=10
	[6]  Sent:   10   11   12   13   14   15   16   17   18   19 
	[6] Received:   10   11   12   13   14   15   16   17   18   19 
	[5]  Sent:   10   11   12   13   14   15   16   17   18   19 
	[5] Received:   10   11   12   13   14   15   16   17   18   19 
[4] Time = 4.248806  Data=   819200 KByte
[4]  Bandwith[10] = 188.288210 MByte/sek  cl=10
	[4]  Sent:   10   11   12   13   14   15   16   17   18   19 
	[4] Received:   10   11   12   13   14   15   16   17   18   19 
[2] Time = 3.813355  Data=   819200 KByte
[2]  Bandwith[10] = 209.788991 MByte/sek  cl=10
	[2]  Sent:   10   11   12   13   14   15   16   17   18   19 
	[2] Received:   10   11   12   13   14   15   16   17   18   19 
	[3]  Sent:   10   11   12   13   14   15   16   17   18   19 
	[3] Received:   10   11   12   13   14   15   16   17   18   19 
