Hello from processor node-1[6] 0 of 10  
Hello from processor node-4[6] 3 of 10  
Hello from processor node-8[6] 7 of 10  
Hello from processor node-2[6] 1 of 10  
Hello from processor node-7[6] 6 of 10  
Hello from processor node-3[6] 2 of 10  
Hello from processor node-9[6] 8 of 10  
Hello from processor node-10[7] 9 of 10  
Hello from processor node-6[6] 5 of 10  
Hello from processor node-5[6] 4 of 10  
[0] Time = 0.010416  Data=      800 KByte
[0]  Bandwith[0] = 75.007401 MByte/sek  cl=0
	[0]  Sent:   10   11   12   13   14   15   16   17   18   19 
	[0] Received:   10   11   12   13   14   15   16   17   18   19 
	[1]  Sent:   10   11   12   13   14   15   16   17   18   19 
	[1] Received:   10   11   12   13   14   15   16   17   18   19 
[8] Time = 0.011504  Data=      800 KByte
[8]  Bandwith[0] = 67.911826 MByte/sek  cl=0
	[8]  Sent:   10   11   12   13   14   15   16   17   18   19 
	[8] Received:   10   11   12   13   14   15   16   17   18   19 
	[9]  Sent:   10   11   12   13   14   15   16   17   18   19 
	[9] Received:   10   11   12   13   14   15   16   17   18   19 
	[7]  Sent:   10   11   12   13   14   15   16   17   18   19 
	[7] Received:   10   11   12   13   14   15   16   17   18   19 
[6] Time = 0.016817  Data=      800 KByte
[6]  Bandwith[0] = 46.457150 MByte/sek  cl=0
	[6]  Sent:   10   11   12   13   14   15   16   17   18   19 
	[6] Received:   10   11   12   13   14   15   16   17   18   19 
[2] Time = 0.017291  Data=      800 KByte
[2]  Bandwith[0] = 45.181243 MByte/sek  cl=0
	[2]  Sent:   10   11   12   13   14   15   16   17   18   19 
	[2] Received:   10   11   12   13   14   15   16   17   18   19 
	[3]  Sent:   10   11   12   13   14   15   16   17   18   19 
	[3] Received:   10   11   12   13   14   15   16   17   18   19 
[4] Time = 0.010294  Data=      800 KByte
[4]  Bandwith[0] = 75.895800 MByte/sek  cl=0
	[4]  Sent:   10   11   12   13   14   15   16   17   18   19 
	[4] Received:   10   11   12   13   14   15   16   17   18   19 
	[5]  Sent:   10   11   12   13   14   15   16   17   18   19 
	[5] Received:   10   11   12   13   14   15   16   17   18   19 
[0] Time = 0.009837  Data=     1600 KByte
[0]  Bandwith[1] = 158.834728 MByte/sek  cl=1
	[0]  Sent:   10   11   12   13   14   15   16   17   18   19 
	[0] Received:   10   11   12   13   14   15   16   17   18   19 
	[1]  Sent:   10   11   12   13   14   15   16   17   18   19 
	[1] Received:   10   11   12   13   14   15   16   17   18   19 
[8] Time = 0.010674  Data=     1600 KByte
[8]  Bandwith[1] = 146.390317 MByte/sek  cl=1
	[8]  Sent:   10   11   12   13   14   15   16   17   18   19 
	[8] Received:   10   11   12   13   14   15   16   17   18   19 
	[9]  Sent:   10   11   12   13   14   15   16   17   18   19 
	[9] Received:   10   11   12   13   14   15   16   17   18   19 
[4] Time = 0.006381  Data=     1600 KByte
[4]  Bandwith[1] = 244.871885 MByte/sek  cl=1
	[4]  Sent:   10   11   12   13   14   15   16   17   18   19 
	[4] Received:   10   11   12   13   14   15   16   17   18   19 
	[5]  Sent:   10   11   12   13   14   15   16   17   18   19 
	[5] Received:   10   11   12   13   14   15   16   17   18   19 
[6] Time = 0.012651  Data=     1600 KByte
[6]  Bandwith[1] = 123.508021 MByte/sek  cl=1
	[6]  Sent:   10   11   12   13   14   15   16   17   18   19 
	[6] Received:   10   11   12   13   14   15   16   17   18   19 
	[7]  Sent:   10   11   12   13   14   15   16   17   18   19 
	[7] Received:   10   11   12   13   14   15   16   17   18   19 
[2] Time = 0.013356  Data=     1600 KByte
[2]  Bandwith[1] = 116.987060 MByte/sek  cl=1
	[2]  Sent:   10   11   12   13   14   15   16   17   18   19 
	[2] Received:   10   11   12   13   14   15   16   17   18   19 
[0] Time = 0.011433  Data=     3200 KByte
[0]  Bandwith[2] = 273.332091 MByte/sek  cl=2
	[0]  Sent:   10   11   12   13   14   15   16   17   18   19 
	[0] Received:   10   11   12   13   14   15   16   17   18   19 
	[3]  Sent:   10   11   12   13   14   15   16   17   18   19 
	[3] Received:   10   11   12   13   14   15   16   17   18   19 
	[1]  Sent:   10   11   12   13   14   15   16   17   18   19 
	[1] Received:   10   11   12   13   14   15   16   17   18   19 
	[5]  Sent:   10   11   12   13   14   15   16   17   18   19 
	[5] Received:   10   11   12   13   14   15   16   17   18   19 
[4] Time = 0.006530  Data=     3200 KByte
[4]  Bandwith[2] = 478.572715 MByte/sek  cl=2
	[4]  Sent:   10   11   12   13   14   15   16   17   18   19 
	[4] Received:   10   11   12   13   14   15   16   17   18   19 
[8] Time = 0.011522  Data=     3200 KByte
[8]  Bandwith[2] = 271.211402 MByte/sek  cl=2
	[8]  Sent:   10   11   12   13   14   15   16   17   18   19 
	[8] Received:   10   11   12   13   14   15   16   17   18   19 
	[9]  Sent:   10   11   12   13   14   15   16   17   18   19 
	[9] Received:   10   11   12   13   14   15   16   17   18   19 
	[5]  Sent:   10   11   12   13   14   15   16   17   18   19 
	[5] Received:   10   11   12   13   14   15   16   17   18   19 
[4] Time = 0.008344  Data=     6400 KByte
[4]  Bandwith[3] = 749.037196 MByte/sek  cl=3
	[4]  Sent:   10   11   12   13   14   15   16   17   18   19 
	[4] Received:   10   11   12   13   14   15   16   17   18   19 
[6] Time = 0.013513  Data=     3200 KByte
[6]  Bandwith[2] = 231.253158 MByte/sek  cl=2
	[6]  Sent:   10   11   12   13   14   15   16   17   18   19 
	[6] Received:   10   11   12   13   14   15   16   17   18   19 
	[7]  Sent:   10   11   12   13   14   15   16   17   18   19 
	[7] Received:   10   11   12   13   14   15   16   17   18   19 
[0] Time = 0.014117  Data=     6400 KByte
[0]  Bandwith[3] = 442.716455 MByte/sek  cl=3
	[0]  Sent:   10   11   12   13   14   15   16   17   18   19 
	[0] Received:   10   11   12   13   14   15   16   17   18   19 
	[1]  Sent:   10   11   12   13   14   15   16   17   18   19 
	[1] Received:   10   11   12   13   14   15   16   17   18   19 
[2] Time = 0.015351  Data=     3200 KByte
[2]  Bandwith[2] = 203.576429 MByte/sek  cl=2
	[2]  Sent:   10   11   12   13   14   15   16   17   18   19 
	[2] Received:   10   11   12   13   14   15   16   17   18   19 
	[3]  Sent:   10   11   12   13   14   15   16   17   18   19 
	[3] Received:   10   11   12   13   14   15   16   17   18   19 
	[9]  Sent:   10   11   12   13   14   15   16   17   18   19 
	[9] Received:   10   11   12   13   14   15   16   17   18   19 
[8] Time = 0.015153  Data=     6400 KByte
[8]  Bandwith[3] = 412.457509 MByte/sek  cl=3
	[8]  Sent:   10   11   12   13   14   15   16   17   18   19 
	[8] Received:   10   11   12   13   14   15   16   17   18   19 
	[5]  Sent:   10   11   12   13   14   15   16   17   18   19 
	[5] Received:   10   11   12   13   14   15   16   17   18   19 
[4] Time = 0.012593  Data=    12800 KByte
[4]  Bandwith[4] = 992.639779 MByte/sek  cl=4
	[4]  Sent:   10   11   12   13   14   15   16   17   18   19 
	[4] Received:   10   11   12   13   14   15   16   17   18   19 
[6] Time = 0.019353  Data=     6400 KByte
[6]  Bandwith[3] = 322.952530 MByte/sek  cl=3
	[6]  Sent:   10   11   12   13   14   15   16   17   18   19 
	[6] Received:   10   11   12   13   14   15   16   17   18   19 
	[7]  Sent:   10   11   12   13   14   15   16   17   18   19 
	[7] Received:   10   11   12   13   14   15   16   17   18   19 
[2] Time = 0.020716  Data=     6400 KByte
[2]  Bandwith[3] = 301.702067 MByte/sek  cl=3
	[2]  Sent:   10   11   12   13   14   15   16   17   18   19 
	[2] Received:   10   11   12   13   14   15   16   17   18   19 
	[3]  Sent:   10   11   12   13   14   15   16   17   18   19 
	[3] Received:   10   11   12   13   14   15   16   17   18   19 
	[5]  Sent:   10   11   12   13   14   15   16   17   18   19 
	[5] Received:   10   11   12   13   14   15   16   17   18   19 
[4] Time = 0.018055  Data=    25600 KByte
[4]  Bandwith[5] = 1384.637679 MByte/sek  cl=5
	[4]  Sent:   10   11   12   13   14   15   16   17   18   19 
	[4] Received:   10   11   12   13   14   15   16   17   18   19 
[0] Time = 0.030669  Data=    12800 KByte
[0]  Bandwith[4] = 407.571787 MByte/sek  cl=4
	[0]  Sent:   10   11   12   13   14   15   16   17   18   19 
	[0] Received:   10   11   12   13   14   15   16   17   18   19 
	[1]  Sent:   10   11   12   13   14   15   16   17   18   19 
	[1] Received:   10   11   12   13   14   15   16   17   18   19 
	[9]  Sent:   10   11   12   13   14   15   16   17   18   19 
	[8] Time = 0.031391  Data=    12800 KByte
[8]  Bandwith[4] = 398.208542 MByte/sek  cl=4
	[8]  Sent:   10   11   12   13   14   15   16   17   18   19 
	[8] Received:   10   11   12   13   14   15   16   17   18   19 
[9] Received:   10   11   12   13   14   15   16   17   18   19 
	[5]  Sent:   10   11   12   13   14   15   16   17   18   19 
	[5] Received:   10   11   12   13   14   15   16   17   18   19 
[4] Time = 0.028665  Data=    51200 KByte
[4]  Bandwith[6] = 1744.297766 MByte/sek  cl=6
	[4]  Sent:   10   11   12   13   14   15   16   17   18   19 
	[4] Received:   10   11   12   13   14   15   16   17   18   19 
	[7]  Sent:   10   11   12   13   14   15   16   17   18   19 
	[7] Received:   10   11   12   13   14   15   16   17   18   19 
[6] Time = 0.048367  Data=    12800 KByte
[6]  Bandwith[4] = 258.443115 MByte/sek  cl=4
	[6]  Sent:   10   11   12   13   14   15   16   17   18   19 
	[6] Received:   10   11   12   13   14   15   16   17   18   19 
[2] Time = 0.051425  Data=    12800 KByte
[2]  Bandwith[4] = 243.072978 MByte/sek  cl=4
	[2]  Sent:   10   11   12   13   14   15   16   17   18   19 
	[2] Received:   10   11   12   13   14   15   16   17   18   19 
	[3]  Sent:   10   11   12   13   14   15   16   17   18   19 
	[3] Received:   10   11   12   13   14   15   16   17   18   19 
[0] Time = 0.045655  Data=    25600 KByte
[0]  Bandwith[5] = 547.587093 MByte/sek  cl=5
	[0]  Sent:   10   11   12   13   14   15   16   17   18   19 
	[0] Received:   10   11   12   13   14   15   16   17   18   19 
	[1]  Sent:   10   11   12   13   14   15   16   17   18   19 
	[1] Received:   10   11   12   13   14   15   16   17   18   19 
	[9]  Sent:   10   11   12   13   14   15   16   17   18   19 
	[9] Received:   10   11   12   13   14   15   16   17   18   19 
[8] Time = 0.046822  Data=    25600 KByte
[8]  Bandwith[5] = 533.933626 MByte/sek  cl=5
	[8]  Sent:   10   11   12   13   14   15   16   17   18   19 
	[8] Received:   10   11   12   13   14   15   16   17   18   19 
[6] Time = 0.068914  Data=    25600 KByte
[6]  Bandwith[5] = 362.771870 MByte/sek  cl=5
	[6]  Sent:   10   11   12   13   14   15   16   17   18   19 
	[6] Received:   10   11   12   13   14   15   16   17   18   19 
	[7]  Sent:   10   11   12   13   14   15   16   17   18   19 
	[7] Received:   10   11   12   13   14   15   16   17   18   19 
[2] Time = 0.073877  Data=    25600 KByte
[2]  Bandwith[5] = 338.400859 MByte/sek  cl=5
	[2]  Sent:   10   11   12   13   14   15   16   17   18   19 
	[2] Received:   10   11   12   13   14   15   16   17   18   19 
	[3]  Sent:   10   11   12   13   14   15   16   17   18   19 
	[3] Received:   10   11   12   13   14   15   16   17   18   19 
[0] Time = 0.085402  Data=    51200 KByte
[0]  Bandwith[6] = 585.468213 MByte/sek  cl=6
	[0]  Sent:   10   11   12   13   14   15   16   17   18   19 
	[0] Received:   10   11   12   13   14   15   16   17   18   19 
	[1]  Sent:   10   11   12   13   14   15   16   17   18   19 
	[1] Received:   10   11   12   13   14   15   16   17   18   19 
	[9]  Sent:   10   11   12   13   14   15   16   17   18   19 
	[9] Received:   10   11   12   13   14   15   16   17   18   19 
[8] Time = 0.083642  Data=    51200 KByte
[8]  Bandwith[6] = 597.782508 MByte/sek  cl=6
	[8]  Sent:   10   11   12   13   14   15   16   17   18   19 
	[8] Received:   10   11   12   13   14   15   16   17   18   19 
	[5]  Sent:   10   11   12   13   14   15   16   17   18   19 
	[5] Received:   10   11   12   13   14   15   16   17   18   19 
[4] Time = 0.148012  Data=   102400 KByte
[4]  Bandwith[7] = 675.622347 MByte/sek  cl=7
	[4]  Sent:   10   11   12   13   14   15   16   17   18   19 
	[4] Received:   10   11   12   13   14   15   16   17   18   19 
[6] Time = 0.104393  Data=    51200 KByte
[6]  Bandwith[6] = 478.958579 MByte/sek  cl=6
	[6]  Sent:   10   11   12   13   14   15   16   17   18   19 
	[6] Received:   10   11   12   13   14   15   16   17   18   19 
	[7]  Sent:   10   11   12   13   14   15   16   17   18   19 
	[7] Received:   10   11   12   13   14   15   16   17   18   19 
[2] Time = 0.123099  Data=    51200 KByte
[2]  Bandwith[6] = 406.176478 MByte/sek  cl=6
	[2]  Sent:   10   11   12   13   14   15   16   17   18   19 
	[2] Received:   10   11   12   13   14   15   16   17   18   19 
	[3]  Sent:   10   11   12   13   14   15   16   17   18   19 
	[3] Received:   10   11   12   13   14   15   16   17   18   19 
	[9]  Sent:   10   11   12   13   14   15   16   17   18   19 
	[9] Received:   10   11   12   13   14   15   16   17   18   19 
[8] Time = 0.139774  Data=   102400 KByte
[8]  Bandwith[7] = 715.440195 MByte/sek  cl=7
	[8]  Sent:   10   11   12   13   14   15   16   17   18   19 
	[8] Received:   10   11   12   13   14   15   16   17   18   19 
[0] Time = 0.279701  Data=   102400 KByte
[0]  Bandwith[7] = 357.524348 MByte/sek  cl=7
	[0]  Sent:   10   11   12   13   14   15   16   17   18   19 
	[0] Received:   10   11   12   13   14   15   16   17   18   19 
	[1]  Sent:   10   11   12   13   14   15   16   17   18   19 
	[1] Received:   10   11   12   13   14   15   16   17   18   19 
[8] Time = 0.234712  Data=   204800 KByte
[8]  Bandwith[8] = 852.108219 MByte/sek  cl=8
	[8]  Sent:   10   11   12   13   14   15   16   17   18   19 
	[8] Received:   10   11   12   13   14   15   16   17   18   19 
	[9]  Sent:   10   11   12   13   14   15   16   17   18   19 
	[9] Received:   10   11   12   13   14   15   16   17   18   19 
[6] Time = 0.347598  Data=   102400 KByte
[6]  Bandwith[7] = 287.689051 MByte/sek  cl=7
	[6]  Sent:   10   11   12   13   14   15   16   17   18   19 
	[6] Received:   10   11   12   13   14   15   16   17   18   19 
	[7]  Sent:   10   11   12   13   14   15   16   17   18   19 
	[7] Received:   10   11   12   13   14   15   16   17   18   19 
[2] Time = 0.712209  Data=   102400 KByte
[2]  Bandwith[7] = 140.408293 MByte/sek  cl=7
	[2]  Sent:   10   11   12   13   14   15   16   17   18   19 
	[2] Received:   10   11   12   13   14   15   16   17   18   19 
	[3]  Sent:   10   11   12   13   14   15   16   17   18   19 
	[3] Received:   10   11   12   13   14   15   16   17   18   19 
[6] Time = 0.523603  Data=   204800 KByte
[6]  Bandwith[8] = 381.969060 MByte/sek  cl=8
	[6]  Sent:   10   11   12   13   14   15   16   17   18   19 
	[6] Received:   10   11   12   13   14   15   16   17   18   19 
	[7]  Sent:   10   11   12   13   14   15   16   17   18   19 
	[7] Received:   10   11   12   13   14   15   16   17   18   19 
	[5]  Sent:   10   11   12   13   14   15   16   17   18   19 
	[5] Received:   10   11   12   13   14   15   16   17   18   19 
[4] Time = 1.289543  Data=   204800 KByte
[4]  Bandwith[8] = 155.093668 MByte/sek  cl=8
	[4]  Sent:   10   11   12   13   14   15   16   17   18   19 
	[4] Received:   10   11   12   13   14   15   16   17   18   19 
[0] Time = 1.150105  Data=   204800 KByte
[0]  Bandwith[8] = 173.897222 MByte/sek  cl=8
	[0]  Sent:   10   11   12   13   14   15   16   17   18   19 
	[0] Received:   10   11   12   13   14   15   16   17   18   19 
	[1]  Sent:   10   11   12   13   14   15   16   17   18   19 
	[1] Received:   10   11   12   13   14   15   16   17   18   19 
	[9]  Sent:   10   11   12   13   14   15   16   17   18   19 
	[9] Received:   10   11   12   13   14   15   16   17   18   19 
[8] Time = 1.422342  Data=   409600 KByte
[8]  Bandwith[9] = 281.226315 MByte/sek  cl=9
	[8]  Sent:   10   11   12   13   14   15   16   17   18   19 
	[8] Received:   10   11   12   13   14   15   16   17   18   19 
[2] Time = 1.262053  Data=   204800 KByte
[2]  Bandwith[8] = 158.471981 MByte/sek  cl=8
	[2]  Sent:   10   11   12   13   14   15   16   17   18   19 
	[2] Received:   10   11   12   13   14   15   16   17   18   19 
	[3]  Sent:   10   11   12   13   14   15   16   17   18   19 
	[3] Received:   10   11   12   13   14   15   16   17   18   19 
[8] Time = 0.885044  Data=   819200 KByte
[8]  Bandwith[10] = 903.909474 MByte/sek  cl=10
	[8]  Sent:   10   11   12   13   14   15   16   17   18   19 
	[8] Received:   10   11   12   13   14   15   16   17   18   19 
	[9]  Sent:   10   11   12   13   14   15   16   17   18   19 
	[9] Received:   10   11   12   13   14   15   16   17   18   19 
[6] Time = 1.784016  Data=   409600 KByte
[6]  Bandwith[9] = 224.213192 MByte/sek  cl=9
	[6]  Sent:   10   11   12   13   14   15   16   17   18   19 
	[6] Received:   10   11   12   13   14   15   16   17   18   19 
	[7]  Sent:   10   11   12   13   14   15   16   17   18   19 
	[7] Received:   10   11   12   13   14   15   16   17   18   19 
[0] Time = 1.595038  Data=   409600 KByte
[0]  Bandwith[9] = 250.777676 MByte/sek  cl=9
	[0]  Sent:   10   11   12   13   14   15   16   17   18   19 
	[0] Received:   10   11   12   13   14   15   16   17   18   19 
	[1]  Sent:   10   11   12   13   14   15   16   17   18   19 
	[1] Received:   10   11   12   13   14   15   16   17   18   19 
[4] Time = 2.275774  Data=   409600 KByte
[4]  Bandwith[9] = 175.764369 MByte/sek  cl=9
	[4]  Sent:   10   11   12   13   14   15   16   17   18   19 
	[4] Received:   10   11   12   13   14   15   16   17   18   19 
	[5]  Sent:   10   11   12   13   14   15   16   17   18   19 
	[5] Received:   10   11   12   13   14   15   16   17   18   19 
	[3]  Sent:   10   11   12   13   14   15   16   17   18   19 
	[3] Received:   10   11   12   13   14   15   16   17   18   19 
[2] Time = 1.919446  Data=   409600 KByte
[2]  Bandwith[9] = 208.393482 MByte/sek  cl=9
	[2]  Sent:   10   11   12   13   14   15   16   17   18   19 
	[2] Received:   10   11   12   13   14   15   16   17   18   19 
[0] Time = 2.813571  Data=   819200 KByte
[0]  Bandwith[10] = 284.336135 MByte/sek  cl=10
	[0]  Sent:   10   11   12   13   14   15   16   17   18   19 
	[0] Received:   10   11   12   13   14   15   16   17   18   19 
	[1]  Sent:   10   11   12   13   14   15   16   17   18   19 
	[1] Received:   10   11   12   13   14   15   16   17   18   19 
[6] Time = 3.290798  Data=   819200 KByte
[6]  Bandwith[10] = 243.102130 MByte/sek  cl=10
	[6]  Sent:   10   11   12   13   14   15   16   17   18   19 
	[6] Received:   10   11   12   13   14   15   16   17   18   19 
	[7]  Sent:   10   11   12   13   14   15   16   17   18   19 
	[7] Received:   10   11   12   13   14   15   16   17   18   19 
[2] Time = 3.719356  Data=   819200 KByte
[2]  Bandwith[10] = 215.091015 MByte/sek  cl=10
	[2]  Sent:   10   11   12   13   14   15   16   17   18   19 
	[2] Received:   10   11   12   13   14   15   16   17   18   19 
	[3]  Sent:   10   11   12   13   14   15   16   17   18   19 
	[3] Received:   10   11   12   13   14   15   16   17   18   19 
	[5]  Sent:   10   11   12   13   14   15   16   17   18   19 
	[5] Received:   10   11   12   13   14   15   16   17   18   19 
[4] Time = 4.589727  Data=   819200 KByte
[4]  Bandwith[10] = 174.302311 MByte/sek  cl=10
	[4]  Sent:   10   11   12   13   14   15   16   17   18   19 
	[4] Received:   10   11   12   13   14   15   16   17   18   19 
