Hello from processor node-1[6] 0 of 10  
Hello from processor node-3[6] 2 of 10  
Hello from processor node-2[6] 1 of 10  
Hello from processor node-6[6] 5 of 10  
Hello from processor node-5[6] 4 of 10  
Hello from processor node-8[6] 7 of 10  
Hello from processor node-7[6] 6 of 10  
Hello from processor node-4[6] 3 of 10  
Hello from processor node-10[7] 9 of 10  
Hello from processor node-9[6] 8 of 10  
[2] Time = 0.011693  Data=      800 KByte
[2]  Bandwith[0] = 66.815232 MByte/sek  cl=0
[8] Time = 0.011962  Data=      800 KByte
[8]  Bandwith[0] = 65.312557 MByte/sek  cl=0
[6] Time = 0.014342  Data=      800 KByte
[6]  Bandwith[0] = 54.473467 MByte/sek  cl=0
[0] Time = 0.013559  Data=      800 KByte
[0]  Bandwith[0] = 57.618314 MByte/sek  cl=0
[4] Time = 0.008704  Data=      800 KByte
[4]  Bandwith[0] = 89.755483 MByte/sek  cl=0
[2] Time = 0.013164  Data=     1600 KByte
[2]  Bandwith[1] = 118.696520 MByte/sek  cl=1
[4] Time = 0.005749  Data=     1600 KByte
[4]  Bandwith[1] = 271.763229 MByte/sek  cl=1
[8] Time = 0.011305  Data=     1600 KByte
[8]  Bandwith[1] = 138.213816 MByte/sek  cl=1
[6] Time = 0.013217  Data=     1600 KByte
[6]  Bandwith[1] = 118.221753 MByte/sek  cl=1
[4] Time = 0.006260  Data=     3200 KByte
[4]  Bandwith[2] = 499.195880 MByte/sek  cl=2
[0] Time = 0.013189  Data=     1600 KByte
[0]  Bandwith[1] = 118.471635 MByte/sek  cl=1
[8] Time = 0.014216  Data=     3200 KByte
[8]  Bandwith[2] = 219.818426 MByte/sek  cl=2
[4] Time = 0.008474  Data=     6400 KByte
[4]  Bandwith[3] = 737.554143 MByte/sek  cl=3
[2] Time = 0.015595  Data=     3200 KByte
[2]  Bandwith[2] = 200.382564 MByte/sek  cl=2
[0] Time = 0.015078  Data=     3200 KByte
[0]  Bandwith[2] = 207.253668 MByte/sek  cl=2
[6] Time = 0.019235  Data=     3200 KByte
[6]  Bandwith[2] = 162.460844 MByte/sek  cl=2
[8] Time = 0.020038  Data=     6400 KByte
[8]  Bandwith[3] = 311.913322 MByte/sek  cl=3
[2] Time = 0.020226  Data=     6400 KByte
[2]  Bandwith[3] = 309.006744 MByte/sek  cl=3
[4] Time = 0.025154  Data=    12800 KByte
[4]  Bandwith[4] = 496.932028 MByte/sek  cl=4
[0] Time = 0.021301  Data=     6400 KByte
[0]  Bandwith[3] = 293.415149 MByte/sek  cl=3
[6] Time = 0.025046  Data=     6400 KByte
[6]  Bandwith[3] = 249.542383 MByte/sek  cl=3
[4] Time = 0.030223  Data=    25600 KByte
[4]  Bandwith[5] = 827.185452 MByte/sek  cl=5
[8] Time = 0.054187  Data=    12800 KByte
[8]  Bandwith[4] = 230.683997 MByte/sek  cl=4
[2] Time = 0.076198  Data=    12800 KByte
[2]  Bandwith[4] = 164.047124 MByte/sek  cl=4
[0] Time = 0.075130  Data=    12800 KByte
[0]  Bandwith[4] = 166.378295 MByte/sek  cl=4
[4] Time = 0.048106  Data=    51200 KByte
[4]  Bandwith[6] = 1039.368555 MByte/sek  cl=6
[6] Time = 0.080939  Data=    12800 KByte
[6]  Bandwith[4] = 154.436396 MByte/sek  cl=4
[8] Time = 0.073455  Data=    25600 KByte
[8]  Bandwith[5] = 340.342839 MByte/sek  cl=5
[4] Time = 0.099857  Data=   102400 KByte
[4]  Bandwith[7] = 1001.431434 MByte/sek  cl=7
[0] Time = 0.109874  Data=    25600 KByte
[0]  Bandwith[5] = 227.534216 MByte/sek  cl=5
[2] Time = 0.168268  Data=    25600 KByte
[2]  Bandwith[5] = 148.572554 MByte/sek  cl=5
[6] Time = 0.216735  Data=    25600 KByte
[6]  Bandwith[5] = 115.348218 MByte/sek  cl=5
[0] Time = 0.150852  Data=    51200 KByte
[0]  Bandwith[6] = 331.451228 MByte/sek  cl=6
[2] Time = 0.429472  Data=    51200 KByte
[2]  Bandwith[6] = 116.422055 MByte/sek  cl=6
[6] Time = 0.534566  Data=    51200 KByte
[6]  Bandwith[6] = 93.533807 MByte/sek  cl=6
[8] Time = 0.946299  Data=    51200 KByte
[8]  Bandwith[6] = 52.837407 MByte/sek  cl=6
[0] Time = 1.151289  Data=   102400 KByte
[0]  Bandwith[7] = 86.859195 MByte/sek  cl=7
[4] Time = 1.457800  Data=   204800 KByte
[4]  Bandwith[8] = 137.193010 MByte/sek  cl=8
[8] Time = 0.654802  Data=   102400 KByte
[8]  Bandwith[7] = 152.717834 MByte/sek  cl=7
[2] Time = 1.476716  Data=   102400 KByte
[2]  Bandwith[7] = 67.717842 MByte/sek  cl=7
[6] Time = 1.391980  Data=   102400 KByte
[6]  Bandwith[7] = 71.840112 MByte/sek  cl=7
[0] Time = 1.729531  Data=   204800 KByte
[0]  Bandwith[8] = 115.638309 MByte/sek  cl=8
[4] Time = 1.622602  Data=   409600 KByte
[4]  Bandwith[9] = 246.517638 MByte/sek  cl=9
[8] Time = 1.689684  Data=   204800 KByte
[8]  Bandwith[8] = 118.365345 MByte/sek  cl=8
[4] Time = 0.630701  Data=   819200 KByte
[4]  Bandwith[10] = 1268.430684 MByte/sek  cl=10
[8] Time = 0.676604  Data=   409600 KByte
[8]  Bandwith[9] = 591.187999 MByte/sek  cl=9
[2] Time = 2.105559  Data=   204800 KByte
[2]  Bandwith[8] = 94.986643 MByte/sek  cl=8
[6] Time = 2.034507  Data=   204800 KByte
[6]  Bandwith[8] = 98.303917 MByte/sek  cl=8
[0] Time = 3.095306  Data=   409600 KByte
[0]  Bandwith[9] = 129.227931 MByte/sek  cl=9
[6] Time = 2.632015  Data=   409600 KByte
[6]  Bandwith[9] = 151.974829 MByte/sek  cl=9
[8] Time = 3.347817  Data=   819200 KByte
[8]  Bandwith[10] = 238.961693 MByte/sek  cl=10
[2] Time = 3.647171  Data=   409600 KByte
[2]  Bandwith[9] = 109.674054 MByte/sek  cl=9
[0] Time = 5.830372  Data=   819200 KByte
[0]  Bandwith[10] = 137.212524 MByte/sek  cl=10
[6] Time = 5.714994  Data=   819200 KByte
[6]  Bandwith[10] = 139.982644 MByte/sek  cl=10
[2] Time = 6.448596  Data=   819200 KByte
[2]  Bandwith[10] = 124.058009 MByte/sek  cl=10
