Process <node-1[6]> started: rank 0 of 10  
Process <node-4[6]> started: rank 3 of 10  
Process <node-5[6]> started: rank 4 of 10  
Process <node-2[6]> started: rank 1 of 10  
Process <node-7[6]> started: rank 6 of 10  
Process <node-6[6]> started: rank 5 of 10  
Process <node-9[6]> started: rank 8 of 10  
Process <node-8[6]> started: rank 7 of 10  
Process <node-3[6]> started: rank 2 of 10  
Process <node-10[7]> started: rank 9 of 10  
[0] Bandwith (test #0) =    97.83 MByte/s 	 dt = 0.0080  sent=      800 KBytes
	[0]  Sent:   10   11   12   13   14   15   16   17   18   19 
	[0] Received:  100  101  102  103  104  105  106  107  108  109 
[6] Bandwith (test #0) =    99.69 MByte/s 	 dt = 0.0078  sent=      800 KBytes
	[6]  Sent:   10   11   12   13   14   15   16   17   18   19 
	[6] Received:  100  101  102  103  104  105  106  107  108  109 
[4] Bandwith (test #0) =    55.70 MByte/s 	 dt = 0.0140  sent=      800 KBytes
	[4]  Sent:   10   11   12   13   14   15   16   17   18   19 
	[4] Received:  100  101  102  103  104  105  106  107  108  109 
[0] Bandwith (test #1) =   231.87 MByte/s 	 dt = 0.0067  sent=     1600 KBytes
	[0]  Sent:   10   11   12   13   14   15   16   17   18   19 
	[0] Received:  100  101  102  103  104  105  106  107  108  109 
[2] Bandwith (test #0) =    57.28 MByte/s 	 dt = 0.0136  sent=      800 KBytes
	[2]  Sent:   10   11   12   13   14   15   16   17   18   19 
	[2] Received:  100  101  102  103  104  105  106  107  108  109 
[6] Bandwith (test #1) =   300.98 MByte/s 	 dt = 0.0052  sent=     1600 KBytes
	[6]  Sent:   10   11   12   13   14   15   16   17   18   19 
	[6] Received:  100  101  102  103  104  105  106  107  108  109 
[8] Bandwith (test #0) =    80.36 MByte/s 	 dt = 0.0097  sent=      800 KBytes
	[8]  Sent:   10   11   12   13   14   15   16   17   18   19 
	[8] Received:  100  101  102  103  104  105  106  107  108  109 
[6] Bandwith (test #2) =   651.89 MByte/s 	 dt = 0.0048  sent=     3200 KBytes
	[6]  Sent:   10   11   12   13   14   15   16   17   18   19 
	[6] Received:  100  101  102  103  104  105  106  107  108  109 
[0] Bandwith (test #2) =   447.96 MByte/s 	 dt = 0.0070  sent=     3200 KBytes
	[0]  Sent:   10   11   12   13   14   15   16   17   18   19 
	[0] Received:  100  101  102  103  104  105  106  107  108  109 
[8] Bandwith (test #1) =   236.64 MByte/s 	 dt = 0.0066  sent=     1600 KBytes
	[8]  Sent:   10   11   12   13   14   15   16   17   18   19 
	[8] Received:  100  101  102  103  104  105  106  107  108  109 
[4] Bandwith (test #1) =   124.97 MByte/s 	 dt = 0.0125  sent=     1600 KBytes
	[4]  Sent:   10   11   12   13   14   15   16   17   18   19 
	[4] Received:  100  101  102  103  104  105  106  107  108  109 
[6] Bandwith (test #3) =   990.72 MByte/s 	 dt = 0.0063  sent=     6400 KBytes
	[6]  Sent:   10   11   12   13   14   15   16   17   18   19 
	[6] Received:  100  101  102  103  104  105  106  107  108  109 
[2] Bandwith (test #1) =   116.68 MByte/s 	 dt = 0.0134  sent=     1600 KBytes
	[2]  Sent:   10   11   12   13   14   15   16   17   18   19 
	[2] Received:  100  101  102  103  104  105  106  107  108  109 
[0] Bandwith (test #3) =   657.20 MByte/s 	 dt = 0.0095  sent=     6400 KBytes
	[0]  Sent:   10   11   12   13   14   15   16   17   18   19 
	[0] Received:  100  101  102  103  104  105  106  107  108  109 
[8] Bandwith (test #2) =   440.38 MByte/s 	 dt = 0.0071  sent=     3200 KBytes
	[8]  Sent:   10   11   12   13   14   15   16   17   18   19 
	[8] Received:  100  101  102  103  104  105  106  107  108  109 
[8] Bandwith (test #3) =   694.02 MByte/s 	 dt = 0.0090  sent=     6400 KBytes
	[8]  Sent:   10   11   12   13   14   15   16   17   18   19 
	[8] Received:  100  101  102  103  104  105  106  107  108  109 
[4] Bandwith (test #2) =   199.34 MByte/s 	 dt = 0.0157  sent=     3200 KBytes
	[4]  Sent:   10   11   12   13   14   15   16   17   18   19 
	[4] Received:  100  101  102  103  104  105  106  107  108  109 
[2] Bandwith (test #2) =   165.34 MByte/s 	 dt = 0.0189  sent=     3200 KBytes
	[2]  Sent:   10   11   12   13   14   15   16   17   18   19 
	[2] Received:  100  101  102  103  104  105  106  107  108  109 
[6] Bandwith (test #4) =   630.63 MByte/s 	 dt = 0.0198  sent=    12800 KBytes
	[6]  Sent:   10   11   12   13   14   15   16   17   18   19 
	[6] Received:  100  101  102  103  104  105  106  107  108  109 
[0] Bandwith (test #4) =   491.26 MByte/s 	 dt = 0.0254  sent=    12800 KBytes
	[0]  Sent:   10   11   12   13   14   15   16   17   18   19 
	[0] Received:  100  101  102  103  104  105  106  107  108  109 
[4] Bandwith (test #3) =   302.28 MByte/s 	 dt = 0.0207  sent=     6400 KBytes
	[4]  Sent:   10   11   12   13   14   15   16   17   18   19 
	[4] Received:  100  101  102  103  104  105  106  107  108  109 
[2] Bandwith (test #3) =   292.50 MByte/s 	 dt = 0.0214  sent=     6400 KBytes
	[2]  Sent:   10   11   12   13   14   15   16   17   18   19 
	[2] Received:  100  101  102  103  104  105  106  107  108  109 
[6] Bandwith (test #5) =   995.92 MByte/s 	 dt = 0.0251  sent=    25600 KBytes
	[6]  Sent:   10   11   12   13   14   15   16   17   18   19 
	[6] Received:  100  101  102  103  104  105  106  107  108  109 
[8] Bandwith (test #4) =   341.76 MByte/s 	 dt = 0.0366  sent=    12800 KBytes
	[8]  Sent:   10   11   12   13   14   15   16   17   18   19 
	[8] Received:  100  101  102  103  104  105  106  107  108  109 
[0] Bandwith (test #5) =   455.87 MByte/s 	 dt = 0.0548  sent=    25600 KBytes
	[0]  Sent:   10   11   12   13   14   15   16   17   18   19 
	[0] Received:  100  101  102  103  104  105  106  107  108  109 
[8] Bandwith (test #5) =   623.98 MByte/s 	 dt = 0.0401  sent=    25600 KBytes
	[8]  Sent:   10   11   12   13   14   15   16   17   18   19 
	[8] Received:  100  101  102  103  104  105  106  107  108  109 
[6] Bandwith (test #6) =  1073.93 MByte/s 	 dt = 0.0466  sent=    51200 KBytes
	[6]  Sent:   10   11   12   13   14   15   16   17   18   19 
	[6] Received:  100  101  102  103  104  105  106  107  108  109 
[4] Bandwith (test #4) =   183.85 MByte/s 	 dt = 0.0680  sent=    12800 KBytes
	[4]  Sent:   10   11   12   13   14   15   16   17   18   19 
	[4] Received:  100  101  102  103  104  105  106  107  108  109 
[8] Bandwith (test #6) =   808.92 MByte/s 	 dt = 0.0618  sent=    51200 KBytes
	[8]  Sent:   10   11   12   13   14   15   16   17   18   19 
	[8] Received:  100  101  102  103  104  105  106  107  108  109 
[6] Bandwith (test #7) =  1396.20 MByte/s 	 dt = 0.0716  sent=   102400 KBytes
	[6]  Sent:   10   11   12   13   14   15   16   17   18   19 
	[6] Received:  100  101  102  103  104  105  106  107  108  109 
[2] Bandwith (test #4) =    93.42 MByte/s 	 dt = 0.1338  sent=    12800 KBytes
	[2]  Sent:   10   11   12   13   14   15   16   17   18   19 
	[2] Received:  100  101  102  103  104  105  106  107  108  109 
[8] Bandwith (test #7) =   879.56 MByte/s 	 dt = 0.1137  sent=   102400 KBytes
	[8]  Sent:   10   11   12   13   14   15   16   17   18   19 
	[8] Received:  100  101  102  103  104  105  106  107  108  109 
[6] Bandwith (test #8) =  1371.31 MByte/s 	 dt = 0.1458  sent=   204800 KBytes
	[6]  Sent:   10   11   12   13   14   15   16   17   18   19 
	[6] Received:  100  101  102  103  104  105  106  107  108  109 
[8] Bandwith (test #8) =  1011.17 MByte/s 	 dt = 0.1978  sent=   204800 KBytes
	[8]  Sent:   10   11   12   13   14   15   16   17   18   19 
	[8] Received:  100  101  102  103  104  105  106  107  108  109 
[6] Bandwith (test #9) =  1336.14 MByte/s 	 dt = 0.2994  sent=   409600 KBytes
	[6]  Sent:   10   11   12   13   14   15   16   17   18   19 
	[6] Received:  100  101  102  103  104  105  106  107  108  109 
[0] Bandwith (test #6) =    93.94 MByte/s 	 dt = 0.5323  sent=    51200 KBytes
	[0]  Sent:   10   11   12   13   14   15   16   17   18   19 
	[0] Received:  100  101  102  103  104  105  106  107  108  109 
[2] Bandwith (test #5) =    43.15 MByte/s 	 dt = 0.5794  sent=    25600 KBytes
	[2]  Sent:   10   11   12   13   14   15   16   17   18   19 
	[2] Received:  100  101  102  103  104  105  106  107  108  109 
[4] Bandwith (test #5) =    33.11 MByte/s 	 dt = 0.7550  sent=    25600 KBytes
	[4]  Sent:   10   11   12   13   14   15   16   17   18   19 
	[4] Received:  100  101  102  103  104  105  106  107  108  109 
[2] Bandwith (test #6) =    51.47 MByte/s 	 dt = 0.9714  sent=    51200 KBytes
	[2]  Sent:   10   11   12   13   14   15   16   17   18   19 
	[2] Received:  100  101  102  103  104  105  106  107  108  109 
[4] Bandwith (test #6) =    36.95 MByte/s 	 dt = 1.3532  sent=    51200 KBytes
	[4]  Sent:   10   11   12   13   14   15   16   17   18   19 
	[4] Received:  100  101  102  103  104  105  106  107  108  109 
[8] Bandwith (test #9) =   223.96 MByte/s 	 dt = 1.7860  sent=   409600 KBytes
	[8]  Sent:   10   11   12   13   14   15   16   17   18   19 
	[8] Received:  100  101  102  103  104  105  106  107  108  109 
[0] Bandwith (test #7) =    59.26 MByte/s 	 dt = 1.6876  sent=   102400 KBytes
	[0]  Sent:   10   11   12   13   14   15   16   17   18   19 
	[0] Received:  100  101  102  103  104  105  106  107  108  109 
[2] Bandwith (test #7) =    66.66 MByte/s 	 dt = 1.5000  sent=   102400 KBytes
	[2]  Sent:   10   11   12   13   14   15   16   17   18   19 
	[2] Received:  100  101  102  103  104  105  106  107  108  109 
[4] Bandwith (test #7) =    79.20 MByte/s 	 dt = 1.2626  sent=   102400 KBytes
	[4]  Sent:   10   11   12   13   14   15   16   17   18   19 
	[4] Received:  100  101  102  103  104  105  106  107  108  109 
[0] Bandwith (test #8) =    82.69 MByte/s 	 dt = 2.4186  sent=   204800 KBytes
	[0]  Sent:   10   11   12   13   14   15   16   17   18   19 
	[0] Received:  100  101  102  103  104  105  106  107  108  109 
[2] Bandwith (test #8) =    94.79 MByte/s 	 dt = 2.1099  sent=   204800 KBytes
	[2]  Sent:   10   11   12   13   14   15   16   17   18   19 
	[2] Received:  100  101  102  103  104  105  106  107  108  109 
[4] Bandwith (test #8) =    82.22 MByte/s 	 dt = 2.4326  sent=   204800 KBytes
	[4]  Sent:   10   11   12   13   14   15   16   17   18   19 
	[4] Received:  100  101  102  103  104  105  106  107  108  109 
[2] Bandwith (test #9) =   126.78 MByte/s 	 dt = 3.1551  sent=   409600 KBytes
	[2]  Sent:   10   11   12   13   14   15   16   17   18   19 
	[2] Received:  100  101  102  103  104  105  106  107  108  109 
[0] Bandwith (test #9) =    98.53 MByte/s 	 dt = 4.0597  sent=   409600 KBytes
	[0]  Sent:   10   11   12   13   14   15   16   17   18   19 
	[0] Received:  100  101  102  103  104  105  106  107  108  109 
[4] Bandwith (test #9) =   100.73 MByte/s 	 dt = 3.9710  sent=   409600 KBytes
	[4]  Sent:   10   11   12   13   14   15   16   17   18   19 
	[4] Received:  100  101  102  103  104  105  106  107  108  109 
