Process <node-1[6]> started: rank 0 of 10  
Process <node-2[6]> started: rank 1 of 10  
Process <node-4[6]> started: rank 3 of 10  
Process <node-6[6]> started: rank 5 of 10  
Process <node-7[6]> started: rank 6 of 10  
Process <node-9[6]> started: rank 8 of 10  
Process <node-5[6]> started: rank 4 of 10  
Process <node-8[6]> started: rank 7 of 10  
Process <node-10[7]> started: rank 9 of 10  
Process <node-3[6]> started: rank 2 of 10  
[4] Bandwith (test #0) =   108.45 MByte/s 	 dt = 0.0072  sent=      800 KBytes
	[4]  Sent:   10   11   12   13   14   15   16   17   18   19 
	[4] Received:  100  101  102  103  104  105  106  107  108  109 
[6] Bandwith (test #0) =    57.66 MByte/s 	 dt = 0.0135  sent=      800 KBytes
	[6]  Sent:   10   11   12   13   14   15   16   17   18   19 
	[6] Received:  100  101  102  103  104  105  106  107  108  109 
[0] Bandwith (test #0) =    52.32 MByte/s 	 dt = 0.0149  sent=      800 KBytes
	[0]  Sent:   10   11   12   13   14   15   16   17   18   19 
	[0] Received:  100  101  102  103  104  105  106  107  108  109 
[2] Bandwith (test #0) =   109.70 MByte/s 	 dt = 0.0071  sent=      800 KBytes
	[2]  Sent:   10   11   12   13   14   15   16   17   18   19 
	[2] Received:  100  101  102  103  104  105  106  107  108  109 
[8] Bandwith (test #0) =    53.15 MByte/s 	 dt = 0.0147  sent=      800 KBytes
	[8]  Sent:   10   11   12   13   14   15   16   17   18   19 
	[8] Received:  100  101  102  103  104  105  106  107  108  109 
[4] Bandwith (test #1) =   276.83 MByte/s 	 dt = 0.0056  sent=     1600 KBytes
	[4]  Sent:   10   11   12   13   14   15   16   17   18   19 
	[4] Received:  100  101  102  103  104  105  106  107  108  109 
[6] Bandwith (test #1) =   227.97 MByte/s 	 dt = 0.0069  sent=     1600 KBytes
	[6]  Sent:   10   11   12   13   14   15   16   17   18   19 
	[6] Received:  100  101  102  103  104  105  106  107  108  109 
[2] Bandwith (test #1) =   295.87 MByte/s 	 dt = 0.0053  sent=     1600 KBytes
	[2]  Sent:   10   11   12   13   14   15   16   17   18   19 
	[2] Received:  100  101  102  103  104  105  106  107  108  109 
[4] Bandwith (test #2) =   498.95 MByte/s 	 dt = 0.0063  sent=     3200 KBytes
	[4]  Sent:   10   11   12   13   14   15   16   17   18   19 
	[4] Received:  100  101  102  103  104  105  106  107  108  109 
[8] Bandwith (test #1) =   216.40 MByte/s 	 dt = 0.0072  sent=     1600 KBytes
	[8]  Sent:   10   11   12   13   14   15   16   17   18   19 
	[8] Received:  100  101  102  103  104  105  106  107  108  109 
[0] Bandwith (test #1) =   158.38 MByte/s 	 dt = 0.0099  sent=     1600 KBytes
	[0]  Sent:   10   11   12   13   14   15   16   17   18   19 
	[0] Received:  100  101  102  103  104  105  106  107  108  109 
[2] Bandwith (test #2) =   513.68 MByte/s 	 dt = 0.0061  sent=     3200 KBytes
	[2]  Sent:   10   11   12   13   14   15   16   17   18   19 
	[2] Received:  100  101  102  103  104  105  106  107  108  109 
[6] Bandwith (test #2) =   430.22 MByte/s 	 dt = 0.0073  sent=     3200 KBytes
	[6]  Sent:   10   11   12   13   14   15   16   17   18   19 
	[6] Received:  100  101  102  103  104  105  106  107  108  109 
[8] Bandwith (test #2) =   474.75 MByte/s 	 dt = 0.0066  sent=     3200 KBytes
	[8]  Sent:   10   11   12   13   14   15   16   17   18   19 
	[8] Received:  100  101  102  103  104  105  106  107  108  109 
[4] Bandwith (test #3) =   758.17 MByte/s 	 dt = 0.0082  sent=     6400 KBytes
	[4]  Sent:   10   11   12   13   14   15   16   17   18   19 
	[4] Received:  100  101  102  103  104  105  106  107  108  109 
[2] Bandwith (test #3) =  1002.57 MByte/s 	 dt = 0.0062  sent=     6400 KBytes
	[2]  Sent:   10   11   12   13   14   15   16   17   18   19 
	[2] Received:  100  101  102  103  104  105  106  107  108  109 
[6] Bandwith (test #3) =   829.79 MByte/s 	 dt = 0.0075  sent=     6400 KBytes
	[6]  Sent:   10   11   12   13   14   15   16   17   18   19 
	[6] Received:  100  101  102  103  104  105  106  107  108  109 
[0] Bandwith (test #2) =   251.72 MByte/s 	 dt = 0.0124  sent=     3200 KBytes
	[0]  Sent:   10   11   12   13   14   15   16   17   18   19 
	[0] Received:  100  101  102  103  104  105  106  107  108  109 
[2] Bandwith (test #4) =   670.30 MByte/s 	 dt = 0.0186  sent=    12800 KBytes
	[2]  Sent:   10   11   12   13   14   15   16   17   18   19 
	[2] Received:  100  101  102  103  104  105  106  107  108  109 
[4] Bandwith (test #4) =   586.91 MByte/s 	 dt = 0.0213  sent=    12800 KBytes
	[4]  Sent:   10   11   12   13   14   15   16   17   18   19 
	[4] Received:  100  101  102  103  104  105  106  107  108  109 
[0] Bandwith (test #3) =   380.77 MByte/s 	 dt = 0.0164  sent=     6400 KBytes
	[0]  Sent:   10   11   12   13   14   15   16   17   18   19 
	[0] Received:  100  101  102  103  104  105  106  107  108  109 
[6] Bandwith (test #4) =   655.64 MByte/s 	 dt = 0.0191  sent=    12800 KBytes
	[6]  Sent:   10   11   12   13   14   15   16   17   18   19 
	[6] Received:  100  101  102  103  104  105  106  107  108  109 
[8] Bandwith (test #3) =   147.29 MByte/s 	 dt = 0.0424  sent=     6400 KBytes
	[8]  Sent:   10   11   12   13   14   15   16   17   18   19 
	[8] Received:  100  101  102  103  104  105  106  107  108  109 
[2] Bandwith (test #5) =  1074.51 MByte/s 	 dt = 0.0233  sent=    25600 KBytes
	[2]  Sent:   10   11   12   13   14   15   16   17   18   19 
	[2] Received:  100  101  102  103  104  105  106  107  108  109 
[6] Bandwith (test #5) =   950.01 MByte/s 	 dt = 0.0263  sent=    25600 KBytes
	[6]  Sent:   10   11   12   13   14   15   16   17   18   19 
	[6] Received:  100  101  102  103  104  105  106  107  108  109 
[4] Bandwith (test #5) =   855.60 MByte/s 	 dt = 0.0292  sent=    25600 KBytes
	[4]  Sent:   10   11   12   13   14   15   16   17   18   19 
	[4] Received:  100  101  102  103  104  105  106  107  108  109 
[8] Bandwith (test #4) =   502.89 MByte/s 	 dt = 0.0249  sent=    12800 KBytes
	[8]  Sent:   10   11   12   13   14   15   16   17   18   19 
	[8] Received:  100  101  102  103  104  105  106  107  108  109 
[0] Bandwith (test #4) =   199.86 MByte/s 	 dt = 0.0625  sent=    12800 KBytes
	[0]  Sent:   10   11   12   13   14   15   16   17   18   19 
	[0] Received:  100  101  102  103  104  105  106  107  108  109 
[2] Bandwith (test #6) =  1087.33 MByte/s 	 dt = 0.0460  sent=    51200 KBytes
	[2]  Sent:   10   11   12   13   14   15   16   17   18   19 
	[2] Received:  100  101  102  103  104  105  106  107  108  109 
[6] Bandwith (test #6) =  1248.42 MByte/s 	 dt = 0.0401  sent=    51200 KBytes
	[6]  Sent:   10   11   12   13   14   15   16   17   18   19 
	[6] Received:  100  101  102  103  104  105  106  107  108  109 
[4] Bandwith (test #6) =  1144.58 MByte/s 	 dt = 0.0437  sent=    51200 KBytes
	[4]  Sent:   10   11   12   13   14   15   16   17   18   19 
	[4] Received:  100  101  102  103  104  105  106  107  108  109 
[8] Bandwith (test #5) =   837.50 MByte/s 	 dt = 0.0299  sent=    25600 KBytes
	[8]  Sent:   10   11   12   13   14   15   16   17   18   19 
	[8] Received:  100  101  102  103  104  105  106  107  108  109 
[8] Bandwith (test #6) =  1183.05 MByte/s 	 dt = 0.0423  sent=    51200 KBytes
	[8]  Sent:   10   11   12   13   14   15   16   17   18   19 
	[8] Received:  100  101  102  103  104  105  106  107  108  109 
[2] Bandwith (test #7) =  1284.15 MByte/s 	 dt = 0.0779  sent=   102400 KBytes
	[2]  Sent:   10   11   12   13   14   15   16   17   18   19 
	[2] Received:  100  101  102  103  104  105  106  107  108  109 
[6] Bandwith (test #7) =  1236.17 MByte/s 	 dt = 0.0809  sent=   102400 KBytes
	[6]  Sent:   10   11   12   13   14   15   16   17   18   19 
	[6] Received:  100  101  102  103  104  105  106  107  108  109 
[0] Bandwith (test #5) =   286.86 MByte/s 	 dt = 0.0871  sent=    25600 KBytes
	[0]  Sent:   10   11   12   13   14   15   16   17   18   19 
	[0] Received:  100  101  102  103  104  105  106  107  108  109 
[4] Bandwith (test #7) =  1181.38 MByte/s 	 dt = 0.0846  sent=   102400 KBytes
	[4]  Sent:   10   11   12   13   14   15   16   17   18   19 
	[4] Received:  100  101  102  103  104  105  106  107  108  109 
[8] Bandwith (test #7) =  1300.47 MByte/s 	 dt = 0.0769  sent=   102400 KBytes
	[8]  Sent:   10   11   12   13   14   15   16   17   18   19 
	[8] Received:  100  101  102  103  104  105  106  107  108  109 
[0] Bandwith (test #6) =   376.83 MByte/s 	 dt = 0.1327  sent=    51200 KBytes
	[0]  Sent:   10   11   12   13   14   15   16   17   18   19 
	[0] Received:  100  101  102  103  104  105  106  107  108  109 
[2] Bandwith (test #8) =  1445.03 MByte/s 	 dt = 0.1384  sent=   204800 KBytes
	[2]  Sent:   10   11   12   13   14   15   16   17   18   19 
	[2] Received:  100  101  102  103  104  105  106  107  108  109 
[4] Bandwith (test #8) =  1327.02 MByte/s 	 dt = 0.1507  sent=   204800 KBytes
	[4]  Sent:   10   11   12   13   14   15   16   17   18   19 
	[4] Received:  100  101  102  103  104  105  106  107  108  109 
[8] Bandwith (test #8) =  1392.83 MByte/s 	 dt = 0.1436  sent=   204800 KBytes
	[8]  Sent:   10   11   12   13   14   15   16   17   18   19 
	[8] Received:  100  101  102  103  104  105  106  107  108  109 
[6] Bandwith (test #8) =  1010.63 MByte/s 	 dt = 0.1979  sent=   204800 KBytes
	[6]  Sent:   10   11   12   13   14   15   16   17   18   19 
	[6] Received:  100  101  102  103  104  105  106  107  108  109 
[8] Bandwith (test #9) =  1380.49 MByte/s 	 dt = 0.2898  sent=   409600 KBytes
	[8]  Sent:   10   11   12   13   14   15   16   17   18   19 
	[8] Received:  100  101  102  103  104  105  106  107  108  109 
[0] Bandwith (test #7) =    59.55 MByte/s 	 dt = 1.6792  sent=   102400 KBytes
	[0]  Sent:   10   11   12   13   14   15   16   17   18   19 
	[0] Received:  100  101  102  103  104  105  106  107  108  109 
[2] Bandwith (test #9) =   210.20 MByte/s 	 dt = 1.9029  sent=   409600 KBytes
	[2]  Sent:   10   11   12   13   14   15   16   17   18   19 
	[2] Received:  100  101  102  103  104  105  106  107  108  109 
[4] Bandwith (test #9) =   208.44 MByte/s 	 dt = 1.9190  sent=   409600 KBytes
	[4]  Sent:   10   11   12   13   14   15   16   17   18   19 
	[4] Received:  100  101  102  103  104  105  106  107  108  109 
[6] Bandwith (test #9) =   208.50 MByte/s 	 dt = 1.9184  sent=   409600 KBytes
	[6]  Sent:   10   11   12   13   14   15   16   17   18   19 
	[6] Received:  100  101  102  103  104  105  106  107  108  109 
[0] Bandwith (test #8) =   106.69 MByte/s 	 dt = 1.8746  sent=   204800 KBytes
	[0]  Sent:   10   11   12   13   14   15   16   17   18   19 
	[0] Received:  100  101  102  103  104  105  106  107  108  109 
[0] Bandwith (test #9) =    94.24 MByte/s 	 dt = 4.2446  sent=   409600 KBytes
	[0]  Sent:   10   11   12   13   14   15   16   17   18   19 
	[0] Received:  100  101  102  103  104  105  106  107  108  109 
