Hello from processor node-1[6] 0 of 10  
Hello from processor node-3[6] 2 of 10  
Hello from processor node-4[6] 3 of 10  
Hello from processor node-10[7] 9 of 10  
Hello from processor node-2[6] 1 of 10  
Hello from processor node-6[6] 5 of 10  
Hello from processor node-9[6] 8 of 10  
Hello from processor node-7[6] 6 of 10  
My[ 1]    Buf[ 0] =         0        2        4 ...
My[ 1]    Buf[ 1] =      2048     2050     2052 ...
My[ 1]    Buf[ 2] =      4096     4098     4100 ...
My[ 1]    Buf[ 3] =      6144     6146     6148 ...
My[ 1]    Buf[ 4] =      8192     8194     8196 ...
My[ 1]    Buf[ 5] =     10240    10242    10244 ...
My[ 1]    Buf[ 6] =     12288    12290    12292 ...
My[ 1]    Buf[ 7] =     14336    14338    14340 ...
My[ 1]    Buf[ 8] =     16384    16386    16388 ...
My[ 1]    Buf[ 9] =     18432    18434    18436 ...
Hello from processor node-5[6] 4 of 10  
Hello from processor node-8[6] 7 of 10  
My[ 0] outBuf =        0        2        4 ...
My[ 2] outBuf =     4096     4098     4100 ...
My[ 3] outBuf =     6144     6146     6148 ...
My[ 4] outBuf =     8192     8194     8196 ...
My[ 5] outBuf =    10240    10242    10244 ...
My[ 6] outBuf =    12288    12290    12292 ...
My[ 7] outBuf =    14336    14338    14340 ...
My[ 8] outBuf =    16384    16386    16388 ...
My[ 9] outBuf =    18432    18434    18436 ...
My[ 1] outBuf =     2048     2050     2052 ...
My[ 0] redBuf =   -10240   -10240    18440 ...
