Hello from processor node-1[6] 0 of 10  
Hello from processor node-4[6] 3 of 10  
Hello from processor node-3[6] 2 of 10  
Hello from processor node-2[6] 1 of 10  
Hello from processor node-10[7] 9 of 10  
Hello from processor node-6[6] 5 of 10  
Hello from processor node-7[6] 6 of 10  
Hello from processor node-5[6] 4 of 10  
Hello from processor node-8[6] 7 of 10  
Hello from processor node-9[6] 8 of 10  
[node-10:2184] *** An error occurred in MPI_Sendrecv
[node-10:2184] *** reported by process [2218065921,9]
[node-10:2184] *** on communicator MPI_COMM_WORLD
[node-10:2184] *** MPI_ERR_RANK: invalid rank
[node-10:2184] *** MPI_ERRORS_ARE_FATAL (processes in this communicator will now abort,
[node-10:2184] ***    and potentially your MPI job)
[node-8][[33845,1],7][btl_tcp_endpoint.c:602:mca_btl_tcp_endpoint_recv_blocking] recv(19, 0/8) failed: Connection reset by peer (104)
[node-9][[33845,1],8][btl_tcp_endpoint.c:602:mca_btl_tcp_endpoint_recv_blocking] recv(19, 0/8) failed: Connection reset by peer (104)
[node-8:27490] pml_ob1_sendreq.c:189 FATAL
[node-9:04106] pml_ob1_sendreq.c:189 FATAL
