Process <node-1[6]> started: rank 0 of 10  
Process <node-9[6]> started: rank 8 of 10  
Process <node-8[6]> started: rank 7 of 10  
Process <node-4[6]> started: rank 3 of 10  
Process <node-2[6]> started: rank 1 of 10  
Process <node-6[6]> started: rank 5 of 10  
Process <node-3[6]> started: rank 2 of 10  
Process <node-5[6]> started: rank 4 of 10  
Process <node-10[7]> started: rank 9 of 10  
Process <node-7[6]> started: rank 6 of 10  
[0] Bandwith (test #0) =    76.80 MByte/s 	 dt = 0.0102  sent=      800 KBytes
	[0]  Sent:   10   11   12   13   14   15   16   17   18   19 
	[0] Received:  100  101  102  103  104  105  106  107  108  109 
[6] Bandwith (test #0) =    64.64 MByte/s 	 dt = 0.0121  sent=      800 KBytes
	[6]  Sent:   10   11   12   13   14   15   16   17   18   19 
	[6] Received:  100  101  102  103  104  105  106  107  108  109 
[0] Bandwith (test #1) =   163.43 MByte/s 	 dt = 0.0096  sent=     1600 KBytes
	[0]  Sent:   10   11   12   13   14   15   16   17   18   19 
	[0] Received:  100  101  102  103  104  105  106  107  108  109 
[4] Bandwith (test #0) =    37.90 MByte/s 	 dt = 0.0206  sent=      800 KBytes
	[4]  Sent:   10   11   12   13   14   15   16   17   18   19 
	[4] Received:  100  101  102  103  104  105  106  107  108  109 
[2] Bandwith (test #0) =    35.25 MByte/s 	 dt = 0.0222  sent=      800 KBytes
	[2]  Sent:   10   11   12   13   14   15   16   17   18   19 
	[2] Received:  100  101  102  103  104  105  106  107  108  109 
[6] Bandwith (test #1) =   177.93 MByte/s 	 dt = 0.0088  sent=     1600 KBytes
	[6]  Sent:   10   11   12   13   14   15   16   17   18   19 
	[6] Received:  100  101  102  103  104  105  106  107  108  109 
[8] Bandwith (test #0) =    26.71 MByte/s 	 dt = 0.0293  sent=      800 KBytes
	[8]  Sent:   10   11   12   13   14   15   16   17   18   19 
	[8] Received:  100  101  102  103  104  105  106  107  108  109 
[0] Bandwith (test #2) =   318.53 MByte/s 	 dt = 0.0098  sent=     3200 KBytes
	[0]  Sent:   10   11   12   13   14   15   16   17   18   19 
	[0] Received:  100  101  102  103  104  105  106  107  108  109 
[6] Bandwith (test #2) =   418.57 MByte/s 	 dt = 0.0075  sent=     3200 KBytes
	[6]  Sent:   10   11   12   13   14   15   16   17   18   19 
	[6] Received:  100  101  102  103  104  105  106  107  108  109 
[0] Bandwith (test #3) =   557.57 MByte/s 	 dt = 0.0112  sent=     6400 KBytes
	[0]  Sent:   10   11   12   13   14   15   16   17   18   19 
	[0] Received:  100  101  102  103  104  105  106  107  108  109 
[6] Bandwith (test #3) =   723.38 MByte/s 	 dt = 0.0086  sent=     6400 KBytes
	[6]  Sent:   10   11   12   13   14   15   16   17   18   19 
	[6] Received:  100  101  102  103  104  105  106  107  108  109 
[4] Bandwith (test #1) =    61.87 MByte/s 	 dt = 0.0253  sent=     1600 KBytes
	[4]  Sent:   10   11   12   13   14   15   16   17   18   19 
	[4] Received:  100  101  102  103  104  105  106  107  108  109 
[2] Bandwith (test #1) =    59.87 MByte/s 	 dt = 0.0261  sent=     1600 KBytes
	[2]  Sent:   10   11   12   13   14   15   16   17   18   19 
	[2] Received:  100  101  102  103  104  105  106  107  108  109 
[8] Bandwith (test #1) =    62.49 MByte/s 	 dt = 0.0250  sent=     1600 KBytes
	[8]  Sent:   10   11   12   13   14   15   16   17   18   19 
	[8] Received:  100  101  102  103  104  105  106  107  108  109 
[6] Bandwith (test #4) =   832.00 MByte/s 	 dt = 0.0150  sent=    12800 KBytes
	[6]  Sent:   10   11   12   13   14   15   16   17   18   19 
	[6] Received:  100  101  102  103  104  105  106  107  108  109 
[0] Bandwith (test #4) =   773.31 MByte/s 	 dt = 0.0162  sent=    12800 KBytes
	[0]  Sent:   10   11   12   13   14   15   16   17   18   19 
	[0] Received:  100  101  102  103  104  105  106  107  108  109 
[4] Bandwith (test #2) =   123.62 MByte/s 	 dt = 0.0253  sent=     3200 KBytes
	[4]  Sent:   10   11   12   13   14   15   16   17   18   19 
	[4] Received:  100  101  102  103  104  105  106  107  108  109 
[6] Bandwith (test #5) =  1461.94 MByte/s 	 dt = 0.0171  sent=    25600 KBytes
	[6]  Sent:   10   11   12   13   14   15   16   17   18   19 
	[6] Received:  100  101  102  103  104  105  106  107  108  109 
[2] Bandwith (test #2) =   119.75 MByte/s 	 dt = 0.0261  sent=     3200 KBytes
	[2]  Sent:   10   11   12   13   14   15   16   17   18   19 
	[2] Received:  100  101  102  103  104  105  106  107  108  109 
[0] Bandwith (test #5) =  1197.32 MByte/s 	 dt = 0.0209  sent=    25600 KBytes
	[0]  Sent:   10   11   12   13   14   15   16   17   18   19 
	[0] Received:  100  101  102  103  104  105  106  107  108  109 
[8] Bandwith (test #2) =   121.54 MByte/s 	 dt = 0.0257  sent=     3200 KBytes
	[8]  Sent:   10   11   12   13   14   15   16   17   18   19 
	[8] Received:  100  101  102  103  104  105  106  107  108  109 
[6] Bandwith (test #6) =  1886.23 MByte/s 	 dt = 0.0265  sent=    51200 KBytes
	[6]  Sent:   10   11   12   13   14   15   16   17   18   19 
	[6] Received:  100  101  102  103  104  105  106  107  108  109 
[4] Bandwith (test #3) =   208.69 MByte/s 	 dt = 0.0299  sent=     6400 KBytes
	[4]  Sent:   10   11   12   13   14   15   16   17   18   19 
	[4] Received:  100  101  102  103  104  105  106  107  108  109 
[2] Bandwith (test #3) =   209.23 MByte/s 	 dt = 0.0299  sent=     6400 KBytes
	[2]  Sent:   10   11   12   13   14   15   16   17   18   19 
	[2] Received:  100  101  102  103  104  105  106  107  108  109 
[8] Bandwith (test #3) =   212.21 MByte/s 	 dt = 0.0295  sent=     6400 KBytes
	[8]  Sent:   10   11   12   13   14   15   16   17   18   19 
	[8] Received:  100  101  102  103  104  105  106  107  108  109 
[0] Bandwith (test #6) =  1372.86 MByte/s 	 dt = 0.0364  sent=    51200 KBytes
	[0]  Sent:   10   11   12   13   14   15   16   17   18   19 
	[0] Received:  100  101  102  103  104  105  106  107  108  109 
[6] Bandwith (test #7) =  1988.39 MByte/s 	 dt = 0.0503  sent=   102400 KBytes
	[6]  Sent:   10   11   12   13   14   15   16   17   18   19 
	[6] Received:  100  101  102  103  104  105  106  107  108  109 
[4] Bandwith (test #4) =   243.52 MByte/s 	 dt = 0.0513  sent=    12800 KBytes
	[4]  Sent:   10   11   12   13   14   15   16   17   18   19 
	[4] Received:  100  101  102  103  104  105  106  107  108  109 
[2] Bandwith (test #4) =   241.97 MByte/s 	 dt = 0.0517  sent=    12800 KBytes
	[2]  Sent:   10   11   12   13   14   15   16   17   18   19 
	[2] Received:  100  101  102  103  104  105  106  107  108  109 
[8] Bandwith (test #4) =   238.36 MByte/s 	 dt = 0.0524  sent=    12800 KBytes
	[8]  Sent:   10   11   12   13   14   15   16   17   18   19 
	[8] Received:  100  101  102  103  104  105  106  107  108  109 
[0] Bandwith (test #7) =  1668.15 MByte/s 	 dt = 0.0599  sent=   102400 KBytes
	[0]  Sent:   10   11   12   13   14   15   16   17   18   19 
	[0] Received:  100  101  102  103  104  105  106  107  108  109 
[4] Bandwith (test #5) =   337.22 MByte/s 	 dt = 0.0741  sent=    25600 KBytes
	[4]  Sent:   10   11   12   13   14   15   16   17   18   19 
	[4] Received:  100  101  102  103  104  105  106  107  108  109 
[2] Bandwith (test #5) =   324.14 MByte/s 	 dt = 0.0771  sent=    25600 KBytes
	[2]  Sent:   10   11   12   13   14   15   16   17   18   19 
	[2] Received:  100  101  102  103  104  105  106  107  108  109 
[8] Bandwith (test #5) =   326.94 MByte/s 	 dt = 0.0765  sent=    25600 KBytes
	[8]  Sent:   10   11   12   13   14   15   16   17   18   19 
	[8] Received:  100  101  102  103  104  105  106  107  108  109 
[6] Bandwith (test #8) =  2251.66 MByte/s 	 dt = 0.0888  sent=   204800 KBytes
	[6]  Sent:   10   11   12   13   14   15   16   17   18   19 
	[6] Received:  100  101  102  103  104  105  106  107  108  109 
[0] Bandwith (test #8) =  1789.48 MByte/s 	 dt = 0.1118  sent=   204800 KBytes
	[0]  Sent:   10   11   12   13   14   15   16   17   18   19 
	[0] Received:  100  101  102  103  104  105  106  107  108  109 
[8] Bandwith (test #6) =   471.53 MByte/s 	 dt = 0.1060  sent=    51200 KBytes
	[8]  Sent:   10   11   12   13   14   15   16   17   18   19 
	[8] Received:  100  101  102  103  104  105  106  107  108  109 
[2] Bandwith (test #6) =   437.07 MByte/s 	 dt = 0.1144  sent=    51200 KBytes
	[2]  Sent:   10   11   12   13   14   15   16   17   18   19 
	[2] Received:  100  101  102  103  104  105  106  107  108  109 
[6] Bandwith (test #9) =  2095.93 MByte/s 	 dt = 0.1908  sent=   409600 KBytes
	[6]  Sent:   10   11   12   13   14   15   16   17   18   19 
	[6] Received:  100  101  102  103  104  105  106  107  108  109 
[8] Bandwith (test #7) =   569.70 MByte/s 	 dt = 0.1755  sent=   102400 KBytes
	[8]  Sent:   10   11   12   13   14   15   16   17   18   19 
	[8] Received:  100  101  102  103  104  105  106  107  108  109 
[2] Bandwith (test #7) =   547.45 MByte/s 	 dt = 0.1827  sent=   102400 KBytes
	[2]  Sent:   10   11   12   13   14   15   16   17   18   19 
	[2] Received:  100  101  102  103  104  105  106  107  108  109 
[4] Bandwith (test #6) =    98.05 MByte/s 	 dt = 0.5099  sent=    51200 KBytes
	[4]  Sent:   10   11   12   13   14   15   16   17   18   19 
	[4] Received:  100  101  102  103  104  105  106  107  108  109 
[8] Bandwith (test #8) =   328.98 MByte/s 	 dt = 0.6079  sent=   204800 KBytes
	[8]  Sent:   10   11   12   13   14   15   16   17   18   19 
	[8] Received:  100  101  102  103  104  105  106  107  108  109 
[2] Bandwith (test #8) =   233.36 MByte/s 	 dt = 0.8571  sent=   204800 KBytes
	[2]  Sent:   10   11   12   13   14   15   16   17   18   19 
	[2] Received:  100  101  102  103  104  105  106  107  108  109 
[4] Bandwith (test #7) =   147.68 MByte/s 	 dt = 0.6771  sent=   102400 KBytes
	[4]  Sent:   10   11   12   13   14   15   16   17   18   19 
	[4] Received:  100  101  102  103  104  105  106  107  108  109 
[0] Bandwith (test #9) =   237.66 MByte/s 	 dt = 1.6831  sent=   409600 KBytes
	[0]  Sent:   10   11   12   13   14   15   16   17   18   19 
	[0] Received:  100  101  102  103  104  105  106  107  108  109 
[4] Bandwith (test #8) =   170.40 MByte/s 	 dt = 1.1737  sent=   204800 KBytes
	[4]  Sent:   10   11   12   13   14   15   16   17   18   19 
	[4] Received:  100  101  102  103  104  105  106  107  108  109 
[8] Bandwith (test #9) =   249.57 MByte/s 	 dt = 1.6028  sent=   409600 KBytes
	[8]  Sent:   10   11   12   13   14   15   16   17   18   19 
	[8] Received:  100  101  102  103  104  105  106  107  108  109 
[2] Bandwith (test #9) =   251.29 MByte/s 	 dt = 1.5918  sent=   409600 KBytes
	[2]  Sent:   10   11   12   13   14   15   16   17   18   19 
	[2] Received:  100  101  102  103  104  105  106  107  108  109 
[4] Bandwith (test #9) =   215.18 MByte/s 	 dt = 1.8589  sent=   409600 KBytes
	[4]  Sent:   10   11   12   13   14   15   16   17   18   19 
	[4] Received:  100  101  102  103  104  105  106  107  108  109 
