Process <node-1[6]> started: rank 0 of 10  
Process <node-6[6]> started: rank 5 of 10  
Process <node-8[6]> started: rank 7 of 10  
Process <node-2[6]> started: rank 1 of 10  
Process <node-9[6]> started: rank 8 of 10  
Process <node-10[7]> started: rank 9 of 10  
Process <node-3[6]> started: rank 2 of 10  
Process <node-7[6]> started: rank 6 of 10  
Process <node-5[6]> started: rank 4 of 10  
Process <node-4[6]> started: rank 3 of 10  
[6] Bandwith (test #0) =    67.28 MByte/s 	 dt = 0.0116  sent=      800 KBytes
	[6]  Sent:   10   11   12   13   14   15   16   17   18   19 
	[6] Received:  100  101  102  103  104  105  106  107  108  109 
[4] Bandwith (test #0) =    71.46 MByte/s 	 dt = 0.0109  sent=      800 KBytes
	[4]  Sent:   10   11   12   13   14   15   16   17   18   19 
	[4] Received:  100  101  102  103  104  105  106  107  108  109 
[2] Bandwith (test #0) =    60.03 MByte/s 	 dt = 0.0130  sent=      800 KBytes
	[2]  Sent:   10   11   12   13   14   15   16   17   18   19 
	[2] Received:  100  101  102  103  104  105  106  107  108  109 
[8] Bandwith (test #0) =    44.10 MByte/s 	 dt = 0.0177  sent=      800 KBytes
	[8]  Sent:   10   11   12   13   14   15   16   17   18   19 
	[8] Received:  100  101  102  103  104  105  106  107  108  109 
[0] Bandwith (test #0) =    39.73 MByte/s 	 dt = 0.0197  sent=      800 KBytes
	[0]  Sent:   10   11   12   13   14   15   16   17   18   19 
	[0] Received:  100  101  102  103  104  105  106  107  108  109 
[6] Bandwith (test #1) =   227.48 MByte/s 	 dt = 0.0069  sent=     1600 KBytes
	[6]  Sent:   10   11   12   13   14   15   16   17   18   19 
	[6] Received:  100  101  102  103  104  105  106  107  108  109 
[4] Bandwith (test #1) =   197.21 MByte/s 	 dt = 0.0079  sent=     1600 KBytes
	[4]  Sent:   10   11   12   13   14   15   16   17   18   19 
	[4] Received:  100  101  102  103  104  105  106  107  108  109 
[2] Bandwith (test #1) =   180.06 MByte/s 	 dt = 0.0087  sent=     1600 KBytes
	[2]  Sent:   10   11   12   13   14   15   16   17   18   19 
	[2] Received:  100  101  102  103  104  105  106  107  108  109 
[8] Bandwith (test #1) =   162.50 MByte/s 	 dt = 0.0096  sent=     1600 KBytes
	[8]  Sent:   10   11   12   13   14   15   16   17   18   19 
	[8] Received:  100  101  102  103  104  105  106  107  108  109 
[6] Bandwith (test #2) =   404.60 MByte/s 	 dt = 0.0077  sent=     3200 KBytes
	[6]  Sent:   10   11   12   13   14   15   16   17   18   19 
	[6] Received:  100  101  102  103  104  105  106  107  108  109 
[4] Bandwith (test #2) =   346.60 MByte/s 	 dt = 0.0090  sent=     3200 KBytes
	[4]  Sent:   10   11   12   13   14   15   16   17   18   19 
	[4] Received:  100  101  102  103  104  105  106  107  108  109 
[2] Bandwith (test #2) =   351.31 MByte/s 	 dt = 0.0089  sent=     3200 KBytes
	[2]  Sent:   10   11   12   13   14   15   16   17   18   19 
	[2] Received:  100  101  102  103  104  105  106  107  108  109 
[0] Bandwith (test #1) =    89.36 MByte/s 	 dt = 0.0175  sent=     1600 KBytes
	[0]  Sent:   10   11   12   13   14   15   16   17   18   19 
	[0] Received:  100  101  102  103  104  105  106  107  108  109 
[8] Bandwith (test #2) =   369.25 MByte/s 	 dt = 0.0085  sent=     3200 KBytes
	[8]  Sent:   10   11   12   13   14   15   16   17   18   19 
	[8] Received:  100  101  102  103  104  105  106  107  108  109 
[6] Bandwith (test #3) =   788.07 MByte/s 	 dt = 0.0079  sent=     6400 KBytes
	[6]  Sent:   10   11   12   13   14   15   16   17   18   19 
	[6] Received:  100  101  102  103  104  105  106  107  108  109 
[4] Bandwith (test #3) =   638.23 MByte/s 	 dt = 0.0098  sent=     6400 KBytes
	[4]  Sent:   10   11   12   13   14   15   16   17   18   19 
	[4] Received:  100  101  102  103  104  105  106  107  108  109 
[2] Bandwith (test #3) =   708.73 MByte/s 	 dt = 0.0088  sent=     6400 KBytes
	[2]  Sent:   10   11   12   13   14   15   16   17   18   19 
	[2] Received:  100  101  102  103  104  105  106  107  108  109 
[8] Bandwith (test #3) =   659.97 MByte/s 	 dt = 0.0095  sent=     6400 KBytes
	[8]  Sent:   10   11   12   13   14   15   16   17   18   19 
	[8] Received:  100  101  102  103  104  105  106  107  108  109 
[6] Bandwith (test #4) =   888.17 MByte/s 	 dt = 0.0141  sent=    12800 KBytes
	[6]  Sent:   10   11   12   13   14   15   16   17   18   19 
	[6] Received:  100  101  102  103  104  105  106  107  108  109 
[2] Bandwith (test #4) =  1047.85 MByte/s 	 dt = 0.0119  sent=    12800 KBytes
	[2]  Sent:   10   11   12   13   14   15   16   17   18   19 
	[2] Received:  100  101  102  103  104  105  106  107  108  109 
[4] Bandwith (test #4) =   923.06 MByte/s 	 dt = 0.0135  sent=    12800 KBytes
	[4]  Sent:   10   11   12   13   14   15   16   17   18   19 
	[4] Received:  100  101  102  103  104  105  106  107  108  109 
[0] Bandwith (test #2) =   141.21 MByte/s 	 dt = 0.0221  sent=     3200 KBytes
	[0]  Sent:   10   11   12   13   14   15   16   17   18   19 
	[0] Received:  100  101  102  103  104  105  106  107  108  109 
[8] Bandwith (test #4) =   815.92 MByte/s 	 dt = 0.0153  sent=    12800 KBytes
	[8]  Sent:   10   11   12   13   14   15   16   17   18   19 
	[8] Received:  100  101  102  103  104  105  106  107  108  109 
[6] Bandwith (test #5) =  1648.76 MByte/s 	 dt = 0.0152  sent=    25600 KBytes
	[6]  Sent:   10   11   12   13   14   15   16   17   18   19 
	[6] Received:  100  101  102  103  104  105  106  107  108  109 
[4] Bandwith (test #5) =  1554.83 MByte/s 	 dt = 0.0161  sent=    25600 KBytes
	[4]  Sent:   10   11   12   13   14   15   16   17   18   19 
	[4] Received:  100  101  102  103  104  105  106  107  108  109 
[2] Bandwith (test #5) =  1367.83 MByte/s 	 dt = 0.0183  sent=    25600 KBytes
	[2]  Sent:   10   11   12   13   14   15   16   17   18   19 
	[2] Received:  100  101  102  103  104  105  106  107  108  109 
[8] Bandwith (test #5) =  1207.70 MByte/s 	 dt = 0.0207  sent=    25600 KBytes
	[8]  Sent:   10   11   12   13   14   15   16   17   18   19 
	[8] Received:  100  101  102  103  104  105  106  107  108  109 
[0] Bandwith (test #3) =   226.56 MByte/s 	 dt = 0.0276  sent=     6400 KBytes
	[0]  Sent:   10   11   12   13   14   15   16   17   18   19 
	[0] Received:  100  101  102  103  104  105  106  107  108  109 
[6] Bandwith (test #6) =  1897.97 MByte/s 	 dt = 0.0263  sent=    51200 KBytes
	[6]  Sent:   10   11   12   13   14   15   16   17   18   19 
	[6] Received:  100  101  102  103  104  105  106  107  108  109 
[4] Bandwith (test #6) =  1943.26 MByte/s 	 dt = 0.0257  sent=    51200 KBytes
	[4]  Sent:   10   11   12   13   14   15   16   17   18   19 
	[4] Received:  100  101  102  103  104  105  106  107  108  109 
[2] Bandwith (test #6) =  1725.18 MByte/s 	 dt = 0.0290  sent=    51200 KBytes
	[2]  Sent:   10   11   12   13   14   15   16   17   18   19 
	[2] Received:  100  101  102  103  104  105  106  107  108  109 
[8] Bandwith (test #6) =  1648.94 MByte/s 	 dt = 0.0303  sent=    51200 KBytes
	[8]  Sent:   10   11   12   13   14   15   16   17   18   19 
	[8] Received:  100  101  102  103  104  105  106  107  108  109 
[0] Bandwith (test #4) =   261.96 MByte/s 	 dt = 0.0477  sent=    12800 KBytes
	[0]  Sent:   10   11   12   13   14   15   16   17   18   19 
	[0] Received:  100  101  102  103  104  105  106  107  108  109 
[6] Bandwith (test #7) =  2203.72 MByte/s 	 dt = 0.0454  sent=   102400 KBytes
	[6]  Sent:   10   11   12   13   14   15   16   17   18   19 
	[6] Received:  100  101  102  103  104  105  106  107  108  109 
[4] Bandwith (test #7) =  2332.15 MByte/s 	 dt = 0.0429  sent=   102400 KBytes
	[4]  Sent:   10   11   12   13   14   15   16   17   18   19 
	[4] Received:  100  101  102  103  104  105  106  107  108  109 
[2] Bandwith (test #7) =  1964.67 MByte/s 	 dt = 0.0509  sent=   102400 KBytes
	[2]  Sent:   10   11   12   13   14   15   16   17   18   19 
	[2] Received:  100  101  102  103  104  105  106  107  108  109 
[8] Bandwith (test #7) =  2108.76 MByte/s 	 dt = 0.0474  sent=   102400 KBytes
	[8]  Sent:   10   11   12   13   14   15   16   17   18   19 
	[8] Received:  100  101  102  103  104  105  106  107  108  109 
[0] Bandwith (test #5) =   399.32 MByte/s 	 dt = 0.0626  sent=    25600 KBytes
	[0]  Sent:   10   11   12   13   14   15   16   17   18   19 
	[0] Received:  100  101  102  103  104  105  106  107  108  109 
[4] Bandwith (test #8) =  2537.74 MByte/s 	 dt = 0.0788  sent=   204800 KBytes
	[4]  Sent:   10   11   12   13   14   15   16   17   18   19 
	[4] Received:  100  101  102  103  104  105  106  107  108  109 
[8] Bandwith (test #8) =  2190.74 MByte/s 	 dt = 0.0913  sent=   204800 KBytes
	[8]  Sent:   10   11   12   13   14   15   16   17   18   19 
	[8] Received:  100  101  102  103  104  105  106  107  108  109 
[6] Bandwith (test #8) =  1195.76 MByte/s 	 dt = 0.1673  sent=   204800 KBytes
	[6]  Sent:   10   11   12   13   14   15   16   17   18   19 
	[6] Received:  100  101  102  103  104  105  106  107  108  109 
[0] Bandwith (test #6) =   292.40 MByte/s 	 dt = 0.1710  sent=    51200 KBytes
	[0]  Sent:   10   11   12   13   14   15   16   17   18   19 
	[0] Received:  100  101  102  103  104  105  106  107  108  109 
[8] Bandwith (test #9) =  2197.90 MByte/s 	 dt = 0.1820  sent=   409600 KBytes
	[8]  Sent:   10   11   12   13   14   15   16   17   18   19 
	[8] Received:  100  101  102  103  104  105  106  107  108  109 
[2] Bandwith (test #8) =   449.76 MByte/s 	 dt = 0.4447  sent=   204800 KBytes
	[2]  Sent:   10   11   12   13   14   15   16   17   18   19 
	[2] Received:  100  101  102  103  104  105  106  107  108  109 
[0] Bandwith (test #7) =   235.51 MByte/s 	 dt = 0.4246  sent=   102400 KBytes
	[0]  Sent:   10   11   12   13   14   15   16   17   18   19 
	[0] Received:  100  101  102  103  104  105  106  107  108  109 
[0] Bandwith (test #8) =   142.77 MByte/s 	 dt = 1.4008  sent=   204800 KBytes
	[0]  Sent:   10   11   12   13   14   15   16   17   18   19 
	[0] Received:  100  101  102  103  104  105  106  107  108  109 
[4] Bandwith (test #9) =   191.20 MByte/s 	 dt = 2.0921  sent=   409600 KBytes
	[4]  Sent:   10   11   12   13   14   15   16   17   18   19 
	[4] Received:  100  101  102  103  104  105  106  107  108  109 
[6] Bandwith (test #9) =   175.62 MByte/s 	 dt = 2.2777  sent=   409600 KBytes
	[6]  Sent:   10   11   12   13   14   15   16   17   18   19 
	[6] Received:  100  101  102  103  104  105  106  107  108  109 
[2] Bandwith (test #9) =   182.08 MByte/s 	 dt = 2.1968  sent=   409600 KBytes
	[2]  Sent:   10   11   12   13   14   15   16   17   18   19 
	[2] Received:  100  101  102  103  104  105  106  107  108  109 
[0] Bandwith (test #9) =   190.73 MByte/s 	 dt = 2.0972  sent=   409600 KBytes
	[0]  Sent:   10   11   12   13   14   15   16   17   18   19 
	[0] Received:  100  101  102  103  104  105  106  107  108  109 
