Hello from processor node-1[6] 0 of 10  
Hello from processor node-6[6] 5 of 10  
Hello from processor node-10[7] 9 of 10  
Hello from processor node-5[6] 4 of 10  
Hello from processor node-7[6] 6 of 10  
Hello from processor node-3[6] 2 of 10  
Hello from processor node-9[6] 8 of 10  
Hello from processor node-2[6] 1 of 10  
Hello from processor node-4[6] 3 of 10  
Hello from processor node-8[6] 7 of 10  
My[ 1]    Buf[ 0] =       101      201      301 ...
My[ 1]    Buf[ 1] =    102501   102601   102701 ...
My[ 1]    Buf[ 2] =    204901   205001   205101 ...
My[ 1]    Buf[ 3] =    307301   307401   307501 ...
My[ 1]    Buf[ 4] =    409701   409801   409901 ...
My[ 1]    Buf[ 5] =    512101   512201   512301 ...
My[ 1]    Buf[ 6] =    614501   614601   614701 ...
My[ 1]    Buf[ 7] =    716901   717001   717101 ...
My[ 1]    Buf[ 8] =    819301   819401   819501 ...
My[ 1]    Buf[ 9] =    921701   921801   921901 ...
My[ 0] outBuf =      101      201      301 ...
My[ 2] outBuf =   204901   205001   205101 ...
My[ 3] outBuf =   307301   307401   307501 ...
My[ 4] outBuf =   409701   409801   409901 ...
My[ 5] outBuf =   512101   512201   512301 ...
My[ 6] outBuf =   614501   614601   614701 ...
My[ 7] outBuf =   716901   717001   717101 ...
My[ 8] outBuf =   819301   819401   819501 ...
My[ 9] outBuf =   921701   921801   921901 ...
My[ 1] outBuf =   102501   102601   102701 ...
My[ 0] redBuf =  4609010  4610010  4611010 ...
