Hello from processor node-1[6] 0 of 10  
Hello from processor node-2[6] 1 of 10  
Hello from processor node-9[6] 8 of 10  
Hello from processor node-7[6] 6 of 10  
Hello from processor node-3[6] 2 of 10  
Hello from processor node-5[6] 4 of 10  
Hello from processor node-10[7] 9 of 10  
Hello from processor node-6[6] 5 of 10  
Hello from processor node-8[6] 7 of 10  
Hello from processor node-4[6] 3 of 10  

[8] Time = 0.012598  Data=      800 KByte
[8]  Bandwith[0] = 62.015859 MByte/sek
[8]    10   11   12   13   14   15   16   17   18   19
[9]   100  101  102  103  104  105  106  107  108  109

[4] Time = 0.012816  Data=      800 KByte
[4]  Bandwith[0] = 60.958885 MByte/sek
[4]    10   11   12   13   14   15   16   17   18   19
[5]   100  101  102  103  104  105  106  107  108  109

[2] Time = 0.016737  Data=      800 KByte
[2]  Bandwith[0] = 46.677854 MByte/sek
[2]    10   11   12   13   14   15   16   17   18   19
[3]   100  101  102  103  104  105  106  107  108  109
[5]   100  101  102  103  104  105  106  107  108  109

[4] Time = 0.004959  Data=     1600 KByte
[4]  Bandwith[1] = 315.090563 MByte/sek
[4]    10   11   12   13   14   15   16   17   18   19

[0] Time = 0.014930  Data=      800 KByte
[0]  Bandwith[0] = 52.325888 MByte/sek
[0]    10   11   12   13   14   15   16   17   18   19

[6] Time = 0.020744  Data=      800 KByte
[6]  Bandwith[0] = 37.660750 MByte/sek
[6]    10   11   12   13   14   15   16   17   18   19
[1]   100  101  102  103  104  105  106  107  108  109
[7]   100  101  102  103  104  105  106  107  108  109

[4] Time = 0.005590  Data=     3200 KByte
[4]  Bandwith[2] = 558.988476 MByte/sek
[4]    10   11   12   13   14   15   16   17   18   19

[8] Time = 0.012314  Data=     1600 KByte
[8]  Bandwith[1] = 126.889518 MByte/sek
[8]    10   11   12   13   14   15   16   17   18   19
[9]   100  101  102  103  104  105  106  107  108  109
[5]   100  101  102  103  104  105  106  107  108  109

[4] Time = 0.006414  Data=     6400 KByte
[4]  Bandwith[3] = 974.430021 MByte/sek
[4]    10   11   12   13   14   15   16   17   18   19
[5]   100  101  102  103  104  105  106  107  108  109
[3]   100  101  102  103  104  105  106  107  108  109

[2] Time = 0.016483  Data=     1600 KByte
[2]  Bandwith[1] = 94.795724 MByte/sek
[2]    10   11   12   13   14   15   16   17   18   19

[0] Time = 0.013325  Data=     1600 KByte
[0]  Bandwith[1] = 117.260508 MByte/sek
[0]    10   11   12   13   14   15   16   17   18   19
[1]   100  101  102  103  104  105  106  107  108  109

[6] Time = 0.014612  Data=     1600 KByte
[6]  Bandwith[1] = 106.936008 MByte/sek
[6]    10   11   12   13   14   15   16   17   18   19
[7]   100  101  102  103  104  105  106  107  108  109

[8] Time = 0.014544  Data=     3200 KByte
[8]  Bandwith[2] = 214.868292 MByte/sek
[8]    10   11   12   13   14   15   16   17   18   19
[9]   100  101  102  103  104  105  106  107  108  109

[0] Time = 0.015129  Data=     3200 KByte
[0]  Bandwith[2] = 206.558833 MByte/sek
[0]    10   11   12   13   14   15   16   17   18   19
[1]   100  101  102  103  104  105  106  107  108  109

[2] Time = 0.019740  Data=     3200 KByte
[2]  Bandwith[2] = 158.310492 MByte/sek
[2]    10   11   12   13   14   15   16   17   18   19
[3]   100  101  102  103  104  105  106  107  108  109
[7]   100  101  102  103  104  105  106  107  108  109

[6] Time = 0.018757  Data=     3200 KByte
[6]  Bandwith[2] = 166.604645 MByte/sek
[6]    10   11   12   13   14   15   16   17   18   19
[5]   100  101  102  103  104  105  106  107  108  109

[4] Time = 0.025276  Data=    12800 KByte
[4]  Bandwith[4] = 494.534232 MByte/sek
[4]    10   11   12   13   14   15   16   17   18   19

[8] Time = 0.018622  Data=     6400 KByte
[8]  Bandwith[3] = 335.616570 MByte/sek
[8]    10   11   12   13   14   15   16   17   18   19
[9]   100  101  102  103  104  105  106  107  108  109

[0] Time = 0.020727  Data=     6400 KByte
[0]  Bandwith[3] = 301.535157 MByte/sek
[0]    10   11   12   13   14   15   16   17   18   19
[1]   100  101  102  103  104  105  106  107  108  109

[6] Time = 0.022093  Data=     6400 KByte
[6]  Bandwith[3] = 282.894505 MByte/sek
[6]    10   11   12   13   14   15   16   17   18   19
[7]   100  101  102  103  104  105  106  107  108  109
[3]   100  101  102  103  104  105  106  107  108  109

[2] Time = 0.025952  Data=     6400 KByte
[2]  Bandwith[3] = 240.830198 MByte/sek
[2]    10   11   12   13   14   15   16   17   18   19
[5]   100  101  102  103  104  105  106  107  108  109

[4] Time = 0.024459  Data=    25600 KByte
[4]  Bandwith[5] = 1022.110544 MByte/sek
[4]    10   11   12   13   14   15   16   17   18   19
[9]   100  101  102  103  104  105  106  107  108  109

[8] Time = 0.054162  Data=    12800 KByte
[8]  Bandwith[4] = 230.789418 MByte/sek
[8]    10   11   12   13   14   15   16   17   18   19
[5]   100  101  102  103  104  105  106  107  108  109

[4] Time = 0.046490  Data=    51200 KByte
[4]  Bandwith[6] = 1075.498576 MByte/sek
[4]    10   11   12   13   14   15   16   17   18   19

[0] Time = 0.074262  Data=    12800 KByte
[0]  Bandwith[4] = 168.323275 MByte/sek
[0]    10   11   12   13   14   15   16   17   18   19
[1]   100  101  102  103  104  105  106  107  108  109
[3]   100  101  102  103  104  105  106  107  108  109

[2] Time = 0.080023  Data=    12800 KByte
[2]  Bandwith[4] = 156.206015 MByte/sek
[2]    10   11   12   13   14   15   16   17   18   19
[7]   100  101  102  103  104  105  106  107  108  109

[6] Time = 0.088187  Data=    12800 KByte
[6]  Bandwith[4] = 141.744581 MByte/sek
[6]    10   11   12   13   14   15   16   17   18   19

[8] Time = 0.074980  Data=    25600 KByte
[8]  Bandwith[5] = 333.420233 MByte/sek
[8]    10   11   12   13   14   15   16   17   18   19
[9]   100  101  102  103  104  105  106  107  108  109
[5]   100  101  102  103  104  105  106  107  108  109

[4] Time = 0.089473  Data=   102400 KByte
[4]  Bandwith[7] = 1117.649995 MByte/sek
[4]    10   11   12   13   14   15   16   17   18   19
[7]   100  101  102  103  104  105  106  107  108  109

[6] Time = 0.113231  Data=    25600 KByte
[6]  Bandwith[5] = 220.787777 MByte/sek
[6]    10   11   12   13   14   15   16   17   18   19
[3]   100  101  102  103  104  105  106  107  108  109

[2] Time = 0.130586  Data=    25600 KByte
[2]  Bandwith[5] = 191.444595 MByte/sek
[2]    10   11   12   13   14   15   16   17   18   19
[9]   100  101  102  103  104  105  106  107  108  109

[8] Time = 0.107103  Data=    51200 KByte
[8]  Bandwith[6] = 466.839250 MByte/sek
[8]    10   11   12   13   14   15   16   17   18   19

[4] Time = 0.173197  Data=   204800 KByte
[4]  Bandwith[8] = 1154.757186 MByte/sek
[4]    10   11   12   13   14   15   16   17   18   19
[5]   100  101  102  103  104  105  106  107  108  109
[7]   100  101  102  103  104  105  106  107  108  109

[6] Time = 0.171024  Data=    51200 KByte
[6]  Bandwith[6] = 292.356319 MByte/sek
[6]    10   11   12   13   14   15   16   17   18   19
[9]   100  101  102  103  104  105  106  107  108  109

[8] Time = 0.201322  Data=   102400 KByte
[8]  Bandwith[7] = 496.716718 MByte/sek
[8]    10   11   12   13   14   15   16   17   18   19
[1]   100  101  102  103  104  105  106  107  108  109

[0] Time = 0.426384  Data=    25600 KByte
[0]  Bandwith[5] = 58.632587 MByte/sek
[0]    10   11   12   13   14   15   16   17   18   19
[3]   100  101  102  103  104  105  106  107  108  109

[2] Time = 0.308644  Data=    51200 KByte
[2]  Bandwith[6] = 161.998769 MByte/sek
[2]    10   11   12   13   14   15   16   17   18   19

[4] Time = 0.329096  Data=   409600 KByte
[4]  Bandwith[9] = 1215.452193 MByte/sek
[4]    10   11   12   13   14   15   16   17   18   19
[5]   100  101  102  103  104  105  106  107  108  109
[9]   100  101  102  103  104  105  106  107  108  109

[8] Time = 0.344643  Data=   204800 KByte
[8]  Bandwith[8] = 580.310511 MByte/sek
[8]    10   11   12   13   14   15   16   17   18   19

[0] Time = 1.200061  Data=    51200 KByte
[0]  Bandwith[6] = 41.664540 MByte/sek
[0]    10   11   12   13   14   15   16   17   18   19
[1]   100  101  102  103  104  105  106  107  108  109
[7]   100  101  102  103  104  105  106  107  108  109

[6] Time = 1.434020  Data=   102400 KByte
[6]  Bandwith[7] = 69.734011 MByte/sek
[6]    10   11   12   13   14   15   16   17   18   19
[7]   100  101  102  103  104  105  106  107  108  109

[6] Time = 0.509789  Data=   204800 KByte
[6]  Bandwith[8] = 392.318876 MByte/sek
[6]    10   11   12   13   14   15   16   17   18   19

[4] Time = 1.695758  Data=   819200 KByte
[4]  Bandwith[10] = 471.765533 MByte/sek
[4]    10   11   12   13   14   15   16   17   18   19
[5]   100  101  102  103  104  105  106  107  108  109

[2] Time = 1.847301  Data=   102400 KByte
[2]  Bandwith[7] = 54.133035 MByte/sek
[2]    10   11   12   13   14   15   16   17   18   19
[3]   100  101  102  103  104  105  106  107  108  109
[9]   100  101  102  103  104  105  106  107  108  109

[8] Time = 1.758057  Data=   409600 KByte
[8]  Bandwith[9] = 227.523972 MByte/sek
[8]    10   11   12   13   14   15   16   17   18   19

[0] Time = 1.862176  Data=   102400 KByte
[0]  Bandwith[7] = 53.700624 MByte/sek
[0]    10   11   12   13   14   15   16   17   18   19
[1]   100  101  102  103  104  105  106  107  108  109
[7]   100  101  102  103  104  105  106  107  108  109

[6] Time = 2.182096  Data=   409600 KByte
[6]  Bandwith[9] = 183.309953 MByte/sek
[6]    10   11   12   13   14   15   16   17   18   19
[3]   100  101  102  103  104  105  106  107  108  109

[2] Time = 2.225835  Data=   204800 KByte
[2]  Bandwith[8] = 89.853925 MByte/sek
[2]    10   11   12   13   14   15   16   17   18   19
[1]   100  101  102  103  104  105  106  107  108  109

[0] Time = 2.018884  Data=   204800 KByte
[0]  Bandwith[8] = 99.064615 MByte/sek
[0]    10   11   12   13   14   15   16   17   18   19
[9]   100  101  102  103  104  105  106  107  108  109

[8] Time = 3.312520  Data=   819200 KByte
[8]  Bandwith[10] = 241.508004 MByte/sek
[8]    10   11   12   13   14   15   16   17   18   19

[0] Time = 2.475388  Data=   409600 KByte
[0]  Bandwith[9] = 161.590803 MByte/sek
[0]    10   11   12   13   14   15   16   17   18   19
[1]   100  101  102  103  104  105  106  107  108  109

[2] Time = 3.699343  Data=   409600 KByte
[2]  Bandwith[9] = 108.127299 MByte/sek
[2]    10   11   12   13   14   15   16   17   18   19
[3]   100  101  102  103  104  105  106  107  108  109
[7]   100  101  102  103  104  105  106  107  108  109

[6] Time = 6.018005  Data=   819200 KByte
[6]  Bandwith[10] = 132.934413 MByte/sek
[6]    10   11   12   13   14   15   16   17   18   19

[0] Time = 5.593202  Data=   819200 KByte
[0]  Bandwith[10] = 143.030778 MByte/sek
[0]    10   11   12   13   14   15   16   17   18   19
[1]   100  101  102  103  104  105  106  107  108  109
[3]   100  101  102  103  104  105  106  107  108  109

[2] Time = 6.728652  Data=   819200 KByte
[2]  Bandwith[10] = 118.894543 MByte/sek
[2]    10   11   12   13   14   15   16   17   18   19
